[[1;34mINFO[m] Scanning for projects...
[[1;34mINFO[m] 
[[1;34mINFO[m] [1m-----------< [0;36mio.github.hiwepy:jcaptcha-spring-boot-starter[0;1m >-----------[m
[[1;34mINFO[m] [1mBuilding io.github.hiwepy:jcaptcha-spring-boot-starter 2.3.x.20240823.RELEASE[m
[[1;34mINFO[m] [1m--------------------------------[ jar ]---------------------------------[m
Downloading from aiban-tianyin-core: https://aiban-maven.pkg.coding.net/repository/tianyin/core/com/octo/captcha/jcaptcha-api/2.0-alpha-1/jcaptcha-api-2.0-alpha-1.pom
Downloading from mirror: https://maven.aliyun.com/nexus/content/groups/public/com/octo/captcha/jcaptcha-api/2.0-alpha-1/jcaptcha-api-2.0-alpha-1.pom
Downloaded from mirror: https://maven.aliyun.com/nexus/content/groups/public/com/octo/captcha/jcaptcha-api/2.0-alpha-1/jcaptcha-api-2.0-alpha-1.pom (0 B at 0 B/s)
Downloading from aiban-tianyin-core: https://aiban-maven.pkg.coding.net/repository/tianyin/core/com/octo/captcha/jcaptcha/2.0-alpha-1/jcaptcha-2.0-alpha-1.pom
Downloading from mirror: https://maven.aliyun.com/nexus/content/groups/public/com/octo/captcha/jcaptcha/2.0-alpha-1/jcaptcha-2.0-alpha-1.pom
Downloaded from mirror: https://maven.aliyun.com/nexus/content/groups/public/com/octo/captcha/jcaptcha/2.0-alpha-1/jcaptcha-2.0-alpha-1.pom (0 B at 0 B/s)
Downloading from aiban-tianyin-core: https://aiban-maven.pkg.coding.net/repository/tianyin/core/com/octo/captcha/jcaptcha-integration-simple-servlet/2.0-alpha-1/jcaptcha-integration-simple-servlet-2.0-alpha-1.pom
Downloading from mirror: https://maven.aliyun.com/nexus/content/groups/public/com/octo/captcha/jcaptcha-integration-simple-servlet/2.0-alpha-1/jcaptcha-integration-simple-servlet-2.0-alpha-1.pom
Downloading from maven-releases: https://packages.aliyun.com/5fdc0afd99b59ba3c5ead757/maven/maven-releases/com/octo/captcha/jcaptcha-integration-simple-servlet/2.0-alpha-1/jcaptcha-integration-simple-servlet-2.0-alpha-1.pom
Downloading from maven-snapshots: https://packages.aliyun.com/5fdc0afd99b59ba3c5ead757/maven/maven-snapshots/com/octo/captcha/jcaptcha-integration-simple-servlet/2.0-alpha-1/jcaptcha-integration-simple-servlet-2.0-alpha-1.pom
[[1;33mWARNING[m] The POM for com.octo.captcha:jcaptcha-integration-simple-servlet:jar:2.0-alpha-1 is missing, no dependency information available
Downloading from aiban-tianyin-core: https://aiban-maven.pkg.coding.net/repository/tianyin/core/com/octo/captcha/jcaptcha/1.0/jcaptcha-1.0.pom
Downloaded from aiban-tianyin-core: https://aiban-maven.pkg.coding.net/repository/tianyin/core/com/octo/captcha/jcaptcha/1.0/jcaptcha-1.0.pom (0 B at 0 B/s)
Downloading from aiban-tianyin-core: https://aiban-maven.pkg.coding.net/repository/tianyin/core/com/octo/captcha/jcaptcha-api/1.0/jcaptcha-api-1.0.pom
Downloaded from aiban-tianyin-core: https://aiban-maven.pkg.coding.net/repository/tianyin/core/com/octo/captcha/jcaptcha-api/1.0/jcaptcha-api-1.0.pom (0 B at 0 B/s)
Downloading from aiban-tianyin-core: https://aiban-maven.pkg.coding.net/repository/tianyin/core/com/jhlabs/imaging/01012005/imaging-01012005.pom
Downloading from mirror: https://maven.aliyun.com/nexus/content/groups/public/com/jhlabs/imaging/01012005/imaging-01012005.pom
Progress (1): 192 B
                   
Downloaded from mirror: https://maven.aliyun.com/nexus/content/groups/public/com/jhlabs/imaging/01012005/imaging-01012005.pom (192 B at 448 B/s)
Downloading from aiban-tianyin-core: https://aiban-maven.pkg.coding.net/repository/tianyin/core/org/mobicents/external/freetts/freetts/1.0/freetts-1.0.pom
Downloaded from aiban-tianyin-core: https://aiban-maven.pkg.coding.net/repository/tianyin/core/org/mobicents/external/freetts/freetts/1.0/freetts-1.0.pom (0 B at 0 B/s)
Downloading from aiban-tianyin-core: https://aiban-maven.pkg.coding.net/repository/tianyin/core/concurrent/concurrent/1.3.4/concurrent-1.3.4.pom
Downloaded from aiban-tianyin-core: https://aiban-maven.pkg.coding.net/repository/tianyin/core/concurrent/concurrent/1.3.4/concurrent-1.3.4.pom (0 B at 0 B/s)
Downloading from aiban-tianyin-core: https://aiban-maven.pkg.coding.net/repository/tianyin/core/com/octo/captcha/jcaptcha-api/2.0-alpha-1/jcaptcha-api-2.0-alpha-1.jar
Downloading from aiban-tianyin-core: https://aiban-maven.pkg.coding.net/repository/tianyin/core/org/mobicents/external/freetts/freetts/1.0/freetts-1.0.jar
Downloading from aiban-tianyin-core: https://aiban-maven.pkg.coding.net/repository/tianyin/core/com/octo/captcha/jcaptcha-extension-sound-freetts/1.0/jcaptcha-extension-sound-freetts-1.0.jar
Downloading from aiban-tianyin-core: https://aiban-maven.pkg.coding.net/repository/tianyin/core/com/octo/captcha/jcaptcha/2.0-alpha-1/jcaptcha-2.0-alpha-1.jar
Downloading from aiban-tianyin-core: https://aiban-maven.pkg.coding.net/repository/tianyin/core/com/octo/captcha/jcaptcha-integration-simple-servlet/2.0-alpha-1/jcaptcha-integration-simple-servlet-2.0-alpha-1.jar
Downloaded from aiban-tianyin-core: https://aiban-maven.pkg.coding.net/repository/tianyin/core/com/octo/captcha/jcaptcha-extension-sound-freetts/1.0/jcaptcha-extension-sound-freetts-1.0.jar (0 B at 0 B/s)
Downloading from aiban-tianyin-core: https://aiban-maven.pkg.coding.net/repository/tianyin/core/com/octo/captcha/jcaptcha-extension-buffered-engine/1.0/jcaptcha-extension-buffered-engine-1.0.jar
Downloaded from aiban-tianyin-core: https://aiban-maven.pkg.coding.net/repository/tianyin/core/org/mobicents/external/freetts/freetts/1.0/freetts-1.0.jar (0 B at 0 B/s)
Downloading from aiban-tianyin-core: https://aiban-maven.pkg.coding.net/repository/tianyin/core/quartz/quartz/1.5.1/quartz-1.5.1.jar
Downloaded from aiban-tianyin-core: https://aiban-maven.pkg.coding.net/repository/tianyin/core/quartz/quartz/1.5.1/quartz-1.5.1.jar (0 B at 0 B/s)
Downloading from aiban-tianyin-core: https://aiban-maven.pkg.coding.net/repository/tianyin/core/concurrent/concurrent/1.3.4/concurrent-1.3.4.jar
Downloaded from aiban-tianyin-core: https://aiban-maven.pkg.coding.net/repository/tianyin/core/concurrent/concurrent/1.3.4/concurrent-1.3.4.jar (0 B at 0 B/s)
Downloaded from aiban-tianyin-core: https://aiban-maven.pkg.coding.net/repository/tianyin/core/com/octo/captcha/jcaptcha-extension-buffered-engine/1.0/jcaptcha-extension-buffered-engine-1.0.jar (0 B at 0 B/s)
Downloading from mirror: https://maven.aliyun.com/nexus/content/groups/public/com/octo/captcha/jcaptcha-api/2.0-alpha-1/jcaptcha-api-2.0-alpha-1.jar
Downloading from mirror: https://maven.aliyun.com/nexus/content/groups/public/com/octo/captcha/jcaptcha/2.0-alpha-1/jcaptcha-2.0-alpha-1.jar
Downloading from mirror: https://maven.aliyun.com/nexus/content/groups/public/com/octo/captcha/jcaptcha-integration-simple-servlet/2.0-alpha-1/jcaptcha-integration-simple-servlet-2.0-alpha-1.jar
Downloaded from mirror: https://maven.aliyun.com/nexus/content/groups/public/com/octo/captcha/jcaptcha-api/2.0-alpha-1/jcaptcha-api-2.0-alpha-1.jar (0 B at 0 B/s)
Downloaded from mirror: https://maven.aliyun.com/nexus/content/groups/public/com/octo/captcha/jcaptcha/2.0-alpha-1/jcaptcha-2.0-alpha-1.jar (0 B at 0 B/s)
Downloading from maven-releases: https://packages.aliyun.com/5fdc0afd99b59ba3c5ead757/maven/maven-releases/com/octo/captcha/jcaptcha-integration-simple-servlet/2.0-alpha-1/jcaptcha-integration-simple-servlet-2.0-alpha-1.jar
Downloading from maven-snapshots: https://packages.aliyun.com/5fdc0afd99b59ba3c5ead757/maven/maven-snapshots/com/octo/captcha/jcaptcha-integration-simple-servlet/2.0-alpha-1/jcaptcha-integration-simple-servlet-2.0-alpha-1.jar
[[1;34mINFO[m] [1m------------------------------------------------------------------------[m
[[1;34mINFO[m] [1;31mBUILD FAILURE[m
[[1;34mINFO[m] [1m------------------------------------------------------------------------[m
[[1;34mINFO[m] Total time:  53.882 s
[[1;34mINFO[m] Finished at: 2026-03-16T14:01:19+08:00
[[1;34mINFO[m] [1m------------------------------------------------------------------------[m
[[1;31mERROR[m] Failed to execute goal on project [36mjcaptcha-spring-boot-starter[m: [1;31mCould not resolve dependencies for project io.github.hiwepy:jcaptcha-spring-boot-starter:jar:2.3.x.20240823.RELEASE: Could not find artifact com.octo.captcha:jcaptcha-integration-simple-servlet:jar:2.0-alpha-1 in aiban-tianyin-core (https://aiban-maven.pkg.coding.net/repository/tianyin/core/)[m -> [1m[Help 1][m
[[1;31mERROR[m] 
[[1;31mERROR[m] To see the full stack trace of the errors, re-run Maven with the [1m-e[m switch.
[[1;31mERROR[m] Re-run Maven using the [1m-X[m switch to enable full debug logging.
[[1;31mERROR[m] 
[[1;31mERROR[m] For more information about the errors and possible solutions, please read the following articles:
[[1;31mERROR[m] [1m[Help 1][m http://cwiki.apache.org/confluence/display/MAVEN/DependencyResolutionException
[jcaptcha-spring-boot-starter/2.3.x] 失败 - 查看日志
[[1;34mINFO[m] Scanning for projects...
[[1;34mINFO[m] 
[[1;34mINFO[m] [1m-----------< [0;36mio.github.hiwepy:jcaptcha-spring-boot-starter[0;1m >-----------[m
[[1;34mINFO[m] [1mBuilding io.github.hiwepy:jcaptcha-spring-boot-starter 2.7.x.20241003.RELEASE[m
[[1;34mINFO[m] [1m--------------------------------[ jar ]---------------------------------[m
[[1;33mWARNING[m] The POM for com.octo.captcha:jcaptcha-integration-simple-servlet:jar:2.0-alpha-1 is missing, no dependency information available
[[1;34mINFO[m] [1m------------------------------------------------------------------------[m
[[1;34mINFO[m] [1;31mBUILD FAILURE[m
[[1;34mINFO[m] [1m------------------------------------------------------------------------[m
[[1;34mINFO[m] Total time:  0.222 s
[[1;34mINFO[m] Finished at: 2026-03-16T14:01:19+08:00
[[1;34mINFO[m] [1m------------------------------------------------------------------------[m
[[1;31mERROR[m] Failed to execute goal on project [36mjcaptcha-spring-boot-starter[m: [1;31mCould not resolve dependencies for project io.github.hiwepy:jcaptcha-spring-boot-starter:jar:2.7.x.20241003.RELEASE: Failure to find com.octo.captcha:jcaptcha-integration-simple-servlet:jar:2.0-alpha-1 in https://aiban-maven.pkg.coding.net/repository/tianyin/core/ was cached in the local repository, resolution will not be reattempted until the update interval of aiban-tianyin-core has elapsed or updates are forced[m -> [1m[Help 1][m
[[1;31mERROR[m] 
[[1;31mERROR[m] To see the full stack trace of the errors, re-run Maven with the [1m-e[m switch.
[[1;31mERROR[m] Re-run Maven using the [1m-X[m switch to enable full debug logging.
[[1;31mERROR[m] 
[[1;31mERROR[m] For more information about the errors and possible solutions, please read the following articles:
[[1;31mERROR[m] [1m[Help 1][m http://cwiki.apache.org/confluence/display/MAVEN/DependencyResolutionException
[jcaptcha-spring-boot-starter/2.7.x] 失败 - 查看日志
[[1;34mINFO[m] Scanning for projects...
[[1;34mINFO[m] 
[[1;34mINFO[m] [1m-----------< [0;36mio.github.hiwepy:jcaptcha-spring-boot-starter[0;1m >-----------[m
[[1;34mINFO[m] [1mBuilding io.github.hiwepy:jcaptcha-spring-boot-starter 3.0.x.20251227-SNAPSHOT[m
[[1;34mINFO[m] [1m--------------------------------[ jar ]---------------------------------[m
[[1;34mINFO[m] 
[[1;34mINFO[m] [1m--- [0;32mmaven-clean-plugin:3.4.0:clean[m [1m(default-clean)[m @ [36mjcaptcha-spring-boot-starter[0;1m ---[m
[[1;34mINFO[m] Deleting /Users/wandl/workspaces/workspace-ddd4j/workspace-ddd4j-boot-starters/jcaptcha-spring-boot-starter/target
[[1;34mINFO[m] 
[[1;34mINFO[m] [1m--- [0;32mmaven-enforcer-plugin:3.5.0:enforce[m [1m(default-cli)[m @ [36mjcaptcha-spring-boot-starter[0;1m ---[m
[[1;34mINFO[m] Rule 0: org.apache.maven.enforcer.rules.version.RequireMavenVersion passed
[[1;34mINFO[m] Rule 1: org.apache.maven.enforcer.rules.version.RequireJavaVersion passed
[[1;34mINFO[m] 
[[1;34mINFO[m] [1m--- [0;32mmaven-resources-plugin:3.3.1:resources[m [1m(default-resources)[m @ [36mjcaptcha-spring-boot-starter[0;1m ---[m
[[1;34mINFO[m] Copying 0 resource from src/main/resources to target/classes
[[1;34mINFO[m] Copying 3 resources from src/main/resources to target/classes
[[1;34mINFO[m] 
[[1;34mINFO[m] [1m--- [0;32mmaven-compiler-plugin:3.13.0:compile[m [1m(default-compile)[m @ [36mjcaptcha-spring-boot-starter[0;1m ---[m
[[1;34mINFO[m] Recompiling the module because of [1mchanged source code[m.
[[1;34mINFO[m] Compiling 8 source files with javac [debug parameters target 17] to target/classes
[[1;33mWARNING[m] 未与 -source 17 一起设置系统模块路径
[[1;34mINFO[m] 由于在类路径中发现了一个或多个处理程序，因此启用了
  批注处理。未来发行版的 javac 可能会禁用批注处理，
  除非至少按名称指定了一个处理程序 (-processor)，
  或指定了搜索路径 (--processor-path, --processor-module-path)，
  或显式启用了批注处理 (-proc:only, -proc:full)。
  可使用 -Xlint:-options 隐藏此消息。
  可使用 -proc:none 禁用批注处理。
[[1;33mWARNING[m] /Users/wandl/workspaces/workspace-ddd4j/workspace-ddd4j-boot-starters/jcaptcha-spring-boot-starter/src/main/java/com/octo/captcha/spring/boot/filter/FilterConfigUtils.java:[27,33] java.lang.Integer 中的 Integer(java.lang.String) 已过时, 且标记为待删除
[[1;33mWARNING[m] /Users/wandl/workspaces/workspace-ddd4j/workspace-ddd4j-boot-starters/jcaptcha-spring-boot-starter/src/main/java/com/octo/captcha/spring/boot/filter/FilterConfigUtils.java:[47,33] java.lang.Boolean 中的 Boolean(java.lang.String) 已过时, 且标记为待删除
[[1;34mINFO[m] /Users/wandl/workspaces/workspace-ddd4j/workspace-ddd4j-boot-starters/jcaptcha-spring-boot-starter/src/main/java/com/octo/captcha/spring/boot/filter/image/ImageCaptchaFilter.java: /Users/wandl/workspaces/workspace-ddd4j/workspace-ddd4j-boot-starters/jcaptcha-spring-boot-starter/src/main/java/com/octo/captcha/spring/boot/filter/image/ImageCaptchaFilter.java使用或覆盖了已过时的 API。
[[1;34mINFO[m] /Users/wandl/workspaces/workspace-ddd4j/workspace-ddd4j-boot-starters/jcaptcha-spring-boot-starter/src/main/java/com/octo/captcha/spring/boot/filter/image/ImageCaptchaFilter.java: 有关详细信息, 请使用 -Xlint:deprecation 重新编译。
[[1;34mINFO[m] /Users/wandl/workspaces/workspace-ddd4j/workspace-ddd4j-boot-starters/jcaptcha-spring-boot-starter/src/main/java/com/octo/captcha/spring/boot/filter/image/ImageCaptchaFilter.java: /Users/wandl/workspaces/workspace-ddd4j/workspace-ddd4j-boot-starters/jcaptcha-spring-boot-starter/src/main/java/com/octo/captcha/spring/boot/filter/image/ImageCaptchaFilter.java使用了未经检查或不安全的操作。
[[1;34mINFO[m] /Users/wandl/workspaces/workspace-ddd4j/workspace-ddd4j-boot-starters/jcaptcha-spring-boot-starter/src/main/java/com/octo/captcha/spring/boot/filter/image/ImageCaptchaFilter.java: 有关详细信息, 请使用 -Xlint:unchecked 重新编译。
[[1;34mINFO[m] 
[[1;34mINFO[m] [1m--- [0;32mmaven-resources-plugin:3.3.1:testResources[m [1m(default-testResources)[m @ [36mjcaptcha-spring-boot-starter[0;1m ---[m
[[1;34mINFO[m] Not copying test resources
[[1;34mINFO[m] 
[[1;34mINFO[m] [1m--- [0;32mmaven-compiler-plugin:3.13.0:testCompile[m [1m(default-testCompile)[m @ [36mjcaptcha-spring-boot-starter[0;1m ---[m
[[1;34mINFO[m] Not compiling test sources
[[1;34mINFO[m] 
[[1;34mINFO[m] [1m--- [0;32mmaven-surefire-plugin:3.5.0:test[m [1m(default-test)[m @ [36mjcaptcha-spring-boot-starter[0;1m ---[m
Downloading from mirror: https://maven.aliyun.com/nexus/content/groups/public/org/apache/maven/surefire/surefire-api/3.5.0/surefire-api-3.5.0.pom
Downloaded from mirror: https://maven.aliyun.com/nexus/content/groups/public/org/apache/maven/surefire/surefire-api/3.5.0/surefire-api-3.5.0.pom (0 B at 0 B/s)
Downloading from mirror: https://maven.aliyun.com/nexus/content/groups/public/org/apache/maven/surefire/surefire-logger-api/3.5.0/surefire-logger-api-3.5.0.pom
Downloaded from mirror: https://maven.aliyun.com/nexus/content/groups/public/org/apache/maven/surefire/surefire-logger-api/3.5.0/surefire-logger-api-3.5.0.pom (0 B at 0 B/s)
Downloading from mirror: https://maven.aliyun.com/nexus/content/groups/public/org/apache/maven/surefire/surefire-shared-utils/3.5.0/surefire-shared-utils-3.5.0.pom
Downloaded from mirror: https://maven.aliyun.com/nexus/content/groups/public/org/apache/maven/surefire/surefire-shared-utils/3.5.0/surefire-shared-utils-3.5.0.pom (0 B at 0 B/s)
Downloading from mirror: https://maven.aliyun.com/nexus/content/groups/public/org/apache/maven/surefire/surefire-extensions-api/3.5.0/surefire-extensions-api-3.5.0.pom
Downloaded from mirror: https://maven.aliyun.com/nexus/content/groups/public/org/apache/maven/surefire/surefire-extensions-api/3.5.0/surefire-extensions-api-3.5.0.pom (0 B at 0 B/s)
Downloading from mirror: https://maven.aliyun.com/nexus/content/groups/public/org/apache/maven/surefire/maven-surefire-common/3.5.0/maven-surefire-common-3.5.0.pom
Downloaded from mirror: https://maven.aliyun.com/nexus/content/groups/public/org/apache/maven/surefire/maven-surefire-common/3.5.0/maven-surefire-common-3.5.0.pom (0 B at 0 B/s)
Downloading from mirror: https://maven.aliyun.com/nexus/content/groups/public/org/apache/maven/surefire/surefire-booter/3.5.0/surefire-booter-3.5.0.pom
Downloaded from mirror: https://maven.aliyun.com/nexus/content/groups/public/org/apache/maven/surefire/surefire-booter/3.5.0/surefire-booter-3.5.0.pom (0 B at 0 B/s)
Downloading from mirror: https://maven.aliyun.com/nexus/content/groups/public/org/apache/maven/surefire/surefire-extensions-spi/3.5.0/surefire-extensions-spi-3.5.0.pom
Downloaded from mirror: https://maven.aliyun.com/nexus/content/groups/public/org/apache/maven/surefire/surefire-extensions-spi/3.5.0/surefire-extensions-spi-3.5.0.pom (0 B at 0 B/s)
Downloading from mirror: https://maven.aliyun.com/nexus/content/groups/public/org/apache/maven/surefire/surefire-api/3.5.0/surefire-api-3.5.0.jar
Downloading from mirror: https://maven.aliyun.com/nexus/content/groups/public/org/apache/maven/surefire/maven-surefire-common/3.5.0/maven-surefire-common-3.5.0.jar
Downloading from mirror: https://maven.aliyun.com/nexus/content/groups/public/org/apache/maven/surefire/surefire-extensions-api/3.5.0/surefire-extensions-api-3.5.0.jar
Downloading from mirror: https://maven.aliyun.com/nexus/content/groups/public/org/apache/maven/surefire/surefire-shared-utils/3.5.0/surefire-shared-utils-3.5.0.jar
Downloading from mirror: https://maven.aliyun.com/nexus/content/groups/public/org/apache/maven/surefire/surefire-logger-api/3.5.0/surefire-logger-api-3.5.0.jar
Downloaded from mirror: https://maven.aliyun.com/nexus/content/groups/public/org/apache/maven/surefire/surefire-api/3.5.0/surefire-api-3.5.0.jar (0 B at 0 B/s)
Downloading from mirror: https://maven.aliyun.com/nexus/content/groups/public/org/apache/maven/surefire/surefire-booter/3.5.0/surefire-booter-3.5.0.jar
Downloaded from mirror: https://maven.aliyun.com/nexus/content/groups/public/org/apache/maven/surefire/maven-surefire-common/3.5.0/maven-surefire-common-3.5.0.jar (0 B at 0 B/s)
Downloading from mirror: https://maven.aliyun.com/nexus/content/groups/public/org/apache/maven/surefire/surefire-extensions-spi/3.5.0/surefire-extensions-spi-3.5.0.jar
Downloaded from mirror: https://maven.aliyun.com/nexus/content/groups/public/org/apache/maven/surefire/surefire-booter/3.5.0/surefire-booter-3.5.0.jar (0 B at 0 B/s)
Downloaded from mirror: https://maven.aliyun.com/nexus/content/groups/public/org/apache/maven/surefire/surefire-logger-api/3.5.0/surefire-logger-api-3.5.0.jar (0 B at 0 B/s)
Downloaded from mirror: https://maven.aliyun.com/nexus/content/groups/public/org/apache/maven/surefire/surefire-extensions-spi/3.5.0/surefire-extensions-spi-3.5.0.jar (0 B at 0 B/s)
Downloaded from mirror: https://maven.aliyun.com/nexus/content/groups/public/org/apache/maven/surefire/surefire-extensions-api/3.5.0/surefire-extensions-api-3.5.0.jar (0 B at 0 B/s)
Downloaded from mirror: https://maven.aliyun.com/nexus/content/groups/public/org/apache/maven/surefire/surefire-shared-utils/3.5.0/surefire-shared-utils-3.5.0.jar (0 B at 0 B/s)
[[1;34mINFO[m] Tests are skipped.
[[1;34mINFO[m] 
[[1;34mINFO[m] [1m--- [0;32mmaven-jar-plugin:3.4.2:jar[m [1m(default-jar)[m @ [36mjcaptcha-spring-boot-starter[0;1m ---[m
[[1;34mINFO[m] Building jar: /Users/wandl/workspaces/workspace-ddd4j/workspace-ddd4j-boot-starters/jcaptcha-spring-boot-starter/target/jcaptcha-spring-boot-starter-3.0.x.20251227-SNAPSHOT.jar
[[1;34mINFO[m] 
[[1;34mINFO[m] [1m--- [0;32mmaven-source-plugin:3.3.1:jar-no-fork[m [1m(attach-sources)[m @ [36mjcaptcha-spring-boot-starter[0;1m ---[m
[[1;34mINFO[m] Building jar: /Users/wandl/workspaces/workspace-ddd4j/workspace-ddd4j-boot-starters/jcaptcha-spring-boot-starter/target/jcaptcha-spring-boot-starter-3.0.x.20251227-SNAPSHOT-sources.jar
[[1;34mINFO[m] 
[[1;34mINFO[m] [1m--- [0;32mmaven-install-plugin:3.1.3:install[m [1m(default-install)[m @ [36mjcaptcha-spring-boot-starter[0;1m ---[m
[[1;34mINFO[m] Installing /Users/wandl/workspaces/workspace-ddd4j/workspace-ddd4j-boot-starters/jcaptcha-spring-boot-starter/pom.xml to /Users/wandl/.m2/repository/com/github/hiwepy/jcaptcha-spring-boot-starter/3.0.x.20251227-SNAPSHOT/jcaptcha-spring-boot-starter-3.0.x.20251227-SNAPSHOT.pom
[[1;34mINFO[m] Installing /Users/wandl/workspaces/workspace-ddd4j/workspace-ddd4j-boot-starters/jcaptcha-spring-boot-starter/target/jcaptcha-spring-boot-starter-3.0.x.20251227-SNAPSHOT.jar to /Users/wandl/.m2/repository/com/github/hiwepy/jcaptcha-spring-boot-starter/3.0.x.20251227-SNAPSHOT/jcaptcha-spring-boot-starter-3.0.x.20251227-SNAPSHOT.jar
[[1;34mINFO[m] Installing /Users/wandl/workspaces/workspace-ddd4j/workspace-ddd4j-boot-starters/jcaptcha-spring-boot-starter/target/jcaptcha-spring-boot-starter-3.0.x.20251227-SNAPSHOT-sources.jar to /Users/wandl/.m2/repository/com/github/hiwepy/jcaptcha-spring-boot-starter/3.0.x.20251227-SNAPSHOT/jcaptcha-spring-boot-starter-3.0.x.20251227-SNAPSHOT-sources.jar
[[1;34mINFO[m] 
[[1;34mINFO[m] [1m--- [0;32mmaven-deploy-plugin:3.1.3:deploy[m [1m(default-deploy)[m @ [36mjcaptcha-spring-boot-starter[0;1m ---[m
[[1;34mINFO[m] Using alternate deployment repository maven-snapshots::default::https://packages.aliyun.com/5fdc0afd99b59ba3c5ead757/maven/maven-snapshots
[[1;33mWARNING[m] Using legacy syntax for alternative repository. Use "maven-snapshots::https://packages.aliyun.com/5fdc0afd99b59ba3c5ead757/maven/maven-snapshots" instead.
Downloading from maven-snapshots: https://packages.aliyun.com/5fdc0afd99b59ba3c5ead757/maven/maven-snapshots/com/github/hiwepy/jcaptcha-spring-boot-starter/3.0.x.20251227-SNAPSHOT/maven-metadata.xml
Uploading to maven-snapshots: https://packages.aliyun.com/5fdc0afd99b59ba3c5ead757/maven/maven-snapshots/com/github/hiwepy/jcaptcha-spring-boot-starter/3.0.x.20251227-SNAPSHOT/jcaptcha-spring-boot-starter-3.0.x.20251227-20260316.060123-1.pom
Progress (1): 4.1/15 kB
Progress (1): 8.2/15 kB
Progress (1): 12/15 kB 
Progress (1): 15 kB   
                   
Uploaded to maven-snapshots: https://packages.aliyun.com/5fdc0afd99b59ba3c5ead757/maven/maven-snapshots/com/github/hiwepy/jcaptcha-spring-boot-starter/3.0.x.20251227-SNAPSHOT/jcaptcha-spring-boot-starter-3.0.x.20251227-20260316.060123-1.pom (15 kB at 15 kB/s)
Uploading to maven-snapshots: https://packages.aliyun.com/5fdc0afd99b59ba3c5ead757/maven/maven-snapshots/com/github/hiwepy/jcaptcha-spring-boot-starter/3.0.x.20251227-SNAPSHOT/jcaptcha-spring-boot-starter-3.0.x.20251227-20260316.060123-1.jar
Progress (1): 4.1/22 kB
Progress (1): 8.2/22 kB
Progress (1): 12/22 kB 
Progress (1): 16/22 kB
Progress (1): 20/22 kB
Progress (1): 22 kB   
                   
Uploaded to maven-snapshots: https://packages.aliyun.com/5fdc0afd99b59ba3c5ead757/maven/maven-snapshots/com/github/hiwepy/jcaptcha-spring-boot-starter/3.0.x.20251227-SNAPSHOT/jcaptcha-spring-boot-starter-3.0.x.20251227-20260316.060123-1.jar (22 kB at 20 kB/s)
Uploading to maven-snapshots: https://packages.aliyun.com/5fdc0afd99b59ba3c5ead757/maven/maven-snapshots/com/github/hiwepy/jcaptcha-spring-boot-starter/3.0.x.20251227-SNAPSHOT/jcaptcha-spring-boot-starter-3.0.x.20251227-20260316.060123-1-sources.jar
Progress (1): 4.1/16 kB
Progress (1): 8.2/16 kB
Progress (1): 12/16 kB 
Progress (1): 16 kB   
                   
Uploaded to maven-snapshots: https://packages.aliyun.com/5fdc0afd99b59ba3c5ead757/maven/maven-snapshots/com/github/hiwepy/jcaptcha-spring-boot-starter/3.0.x.20251227-SNAPSHOT/jcaptcha-spring-boot-starter-3.0.x.20251227-20260316.060123-1-sources.jar (16 kB at 15 kB/s)
Downloading from maven-snapshots: https://packages.aliyun.com/5fdc0afd99b59ba3c5ead757/maven/maven-snapshots/com/github/hiwepy/jcaptcha-spring-boot-starter/maven-metadata.xml
Uploading to maven-snapshots: https://packages.aliyun.com/5fdc0afd99b59ba3c5ead757/maven/maven-snapshots/com/github/hiwepy/jcaptcha-spring-boot-starter/3.0.x.20251227-SNAPSHOT/maven-metadata.xml
Progress (1): 1.0 kB
                    
Uploaded to maven-snapshots: https://packages.aliyun.com/5fdc0afd99b59ba3c5ead757/maven/maven-snapshots/com/github/hiwepy/jcaptcha-spring-boot-starter/3.0.x.20251227-SNAPSHOT/maven-metadata.xml (1.0 kB at 999 B/s)
Uploading to maven-snapshots: https://packages.aliyun.com/5fdc0afd99b59ba3c5ead757/maven/maven-snapshots/com/github/hiwepy/jcaptcha-spring-boot-starter/maven-metadata.xml
Progress (1): 314 B
                   
Uploaded to maven-snapshots: https://packages.aliyun.com/5fdc0afd99b59ba3c5ead757/maven/maven-snapshots/com/github/hiwepy/jcaptcha-spring-boot-starter/maven-metadata.xml (314 B at 314 B/s)
[[1;34mINFO[m] [1m------------------------------------------------------------------------[m
[[1;34mINFO[m] [1;32mBUILD SUCCESS[m
[[1;34mINFO[m] [1m------------------------------------------------------------------------[m
[[1;34mINFO[m] Total time:  8.710 s
[[1;34mINFO[m] Finished at: 2026-03-16T14:01:29+08:00
[[1;34mINFO[m] [1m------------------------------------------------------------------------[m
[jcaptcha-spring-boot-starter/3.0.x] 成功
[[1;34mINFO[m] Scanning for projects...
[[1;34mINFO[m] 
[[1;34mINFO[m] [1m-----------< [0;36mio.github.hiwepy:jcaptcha-spring-boot-starter[0;1m >-----------[m
[[1;34mINFO[m] [1mBuilding io.github.hiwepy:jcaptcha-spring-boot-starter 3.1.x.20251227-SNAPSHOT[m
[[1;34mINFO[m] [1m--------------------------------[ jar ]---------------------------------[m
[[1;34mINFO[m] 
[[1;34mINFO[m] [1m--- [0;32mmaven-clean-plugin:3.4.0:clean[m [1m(default-clean)[m @ [36mjcaptcha-spring-boot-starter[0;1m ---[m
[[1;34mINFO[m] Deleting /Users/wandl/workspaces/workspace-ddd4j/workspace-ddd4j-boot-starters/jcaptcha-spring-boot-starter/target
[[1;34mINFO[m] 
[[1;34mINFO[m] [1m--- [0;32mmaven-enforcer-plugin:3.5.0:enforce[m [1m(default-cli)[m @ [36mjcaptcha-spring-boot-starter[0;1m ---[m
[[1;34mINFO[m] Rule 0: org.apache.maven.enforcer.rules.version.RequireMavenVersion passed
[[1;34mINFO[m] Rule 1: org.apache.maven.enforcer.rules.version.RequireJavaVersion passed
[[1;34mINFO[m] 
[[1;34mINFO[m] [1m--- [0;32mmaven-resources-plugin:3.3.1:resources[m [1m(default-resources)[m @ [36mjcaptcha-spring-boot-starter[0;1m ---[m
[[1;34mINFO[m] Copying 0 resource from src/main/resources to target/classes
[[1;34mINFO[m] Copying 3 resources from src/main/resources to target/classes
[[1;34mINFO[m] 
[[1;34mINFO[m] [1m--- [0;32mmaven-compiler-plugin:3.13.0:compile[m [1m(default-compile)[m @ [36mjcaptcha-spring-boot-starter[0;1m ---[m
[[1;34mINFO[m] Recompiling the module because of [1mchanged source code[m.
[[1;34mINFO[m] Compiling 8 source files with javac [debug parameters release 17] to target/classes
[[1;34mINFO[m] 由于在类路径中发现了一个或多个处理程序，因此启用了
  批注处理。未来发行版的 javac 可能会禁用批注处理，
  除非至少按名称指定了一个处理程序 (-processor)，
  或指定了搜索路径 (--processor-path, --processor-module-path)，
  或显式启用了批注处理 (-proc:only, -proc:full)。
  可使用 -Xlint:-options 隐藏此消息。
  可使用 -proc:none 禁用批注处理。
[[1;33mWARNING[m] /Users/wandl/workspaces/workspace-ddd4j/workspace-ddd4j-boot-starters/jcaptcha-spring-boot-starter/src/main/java/com/octo/captcha/spring/boot/filter/FilterConfigUtils.java:[27,33] java.lang.Integer 中的 Integer(java.lang.String) 已过时, 且标记为待删除
[[1;33mWARNING[m] /Users/wandl/workspaces/workspace-ddd4j/workspace-ddd4j-boot-starters/jcaptcha-spring-boot-starter/src/main/java/com/octo/captcha/spring/boot/filter/FilterConfigUtils.java:[47,33] java.lang.Boolean 中的 Boolean(java.lang.String) 已过时, 且标记为待删除
[[1;34mINFO[m] /Users/wandl/workspaces/workspace-ddd4j/workspace-ddd4j-boot-starters/jcaptcha-spring-boot-starter/src/main/java/com/octo/captcha/spring/boot/filter/image/ImageCaptchaFilter.java: /Users/wandl/workspaces/workspace-ddd4j/workspace-ddd4j-boot-starters/jcaptcha-spring-boot-starter/src/main/java/com/octo/captcha/spring/boot/filter/image/ImageCaptchaFilter.java使用或覆盖了已过时的 API。
[[1;34mINFO[m] /Users/wandl/workspaces/workspace-ddd4j/workspace-ddd4j-boot-starters/jcaptcha-spring-boot-starter/src/main/java/com/octo/captcha/spring/boot/filter/image/ImageCaptchaFilter.java: 有关详细信息, 请使用 -Xlint:deprecation 重新编译。
[[1;34mINFO[m] /Users/wandl/workspaces/workspace-ddd4j/workspace-ddd4j-boot-starters/jcaptcha-spring-boot-starter/src/main/java/com/octo/captcha/spring/boot/filter/image/ImageCaptchaFilter.java: /Users/wandl/workspaces/workspace-ddd4j/workspace-ddd4j-boot-starters/jcaptcha-spring-boot-starter/src/main/java/com/octo/captcha/spring/boot/filter/image/ImageCaptchaFilter.java使用了未经检查或不安全的操作。
[[1;34mINFO[m] /Users/wandl/workspaces/workspace-ddd4j/workspace-ddd4j-boot-starters/jcaptcha-spring-boot-starter/src/main/java/com/octo/captcha/spring/boot/filter/image/ImageCaptchaFilter.java: 有关详细信息, 请使用 -Xlint:unchecked 重新编译。
[[1;34mINFO[m] 
[[1;34mINFO[m] [1m--- [0;32mmaven-resources-plugin:3.3.1:testResources[m [1m(default-testResources)[m @ [36mjcaptcha-spring-boot-starter[0;1m ---[m
[[1;34mINFO[m] Not copying test resources
[[1;34mINFO[m] 
[[1;34mINFO[m] [1m--- [0;32mmaven-compiler-plugin:3.13.0:testCompile[m [1m(default-testCompile)[m @ [36mjcaptcha-spring-boot-starter[0;1m ---[m
[[1;34mINFO[m] Not compiling test sources
[[1;34mINFO[m] 
[[1;34mINFO[m] [1m--- [0;32mmaven-surefire-plugin:3.5.0:test[m [1m(default-test)[m @ [36mjcaptcha-spring-boot-starter[0;1m ---[m
[[1;34mINFO[m] Tests are skipped.
[[1;34mINFO[m] 
[[1;34mINFO[m] [1m--- [0;32mmaven-jar-plugin:3.4.2:jar[m [1m(default-jar)[m @ [36mjcaptcha-spring-boot-starter[0;1m ---[m
[[1;34mINFO[m] Building jar: /Users/wandl/workspaces/workspace-ddd4j/workspace-ddd4j-boot-starters/jcaptcha-spring-boot-starter/target/jcaptcha-spring-boot-starter-3.1.x.20251227-SNAPSHOT.jar
[[1;34mINFO[m] 
[[1;34mINFO[m] [1m--- [0;32mmaven-source-plugin:3.3.1:jar-no-fork[m [1m(attach-sources)[m @ [36mjcaptcha-spring-boot-starter[0;1m ---[m
[[1;34mINFO[m] Building jar: /Users/wandl/workspaces/workspace-ddd4j/workspace-ddd4j-boot-starters/jcaptcha-spring-boot-starter/target/jcaptcha-spring-boot-starter-3.1.x.20251227-SNAPSHOT-sources.jar
[[1;34mINFO[m] 
[[1;34mINFO[m] [1m--- [0;32mmaven-install-plugin:3.1.3:install[m [1m(default-install)[m @ [36mjcaptcha-spring-boot-starter[0;1m ---[m
[[1;34mINFO[m] Installing /Users/wandl/workspaces/workspace-ddd4j/workspace-ddd4j-boot-starters/jcaptcha-spring-boot-starter/pom.xml to /Users/wandl/.m2/repository/com/github/hiwepy/jcaptcha-spring-boot-starter/3.1.x.20251227-SNAPSHOT/jcaptcha-spring-boot-starter-3.1.x.20251227-SNAPSHOT.pom
[[1;34mINFO[m] Installing /Users/wandl/workspaces/workspace-ddd4j/workspace-ddd4j-boot-starters/jcaptcha-spring-boot-starter/target/jcaptcha-spring-boot-starter-3.1.x.20251227-SNAPSHOT.jar to /Users/wandl/.m2/repository/com/github/hiwepy/jcaptcha-spring-boot-starter/3.1.x.20251227-SNAPSHOT/jcaptcha-spring-boot-starter-3.1.x.20251227-SNAPSHOT.jar
[[1;34mINFO[m] Installing /Users/wandl/workspaces/workspace-ddd4j/workspace-ddd4j-boot-starters/jcaptcha-spring-boot-starter/target/jcaptcha-spring-boot-starter-3.1.x.20251227-SNAPSHOT-sources.jar to /Users/wandl/.m2/repository/com/github/hiwepy/jcaptcha-spring-boot-starter/3.1.x.20251227-SNAPSHOT/jcaptcha-spring-boot-starter-3.1.x.20251227-SNAPSHOT-sources.jar
[[1;34mINFO[m] 
[[1;34mINFO[m] [1m--- [0;32mmaven-deploy-plugin:3.1.3:deploy[m [1m(default-deploy)[m @ [36mjcaptcha-spring-boot-starter[0;1m ---[m
[[1;34mINFO[m] Using alternate deployment repository maven-snapshots::default::https://packages.aliyun.com/5fdc0afd99b59ba3c5ead757/maven/maven-snapshots
[[1;33mWARNING[m] Using legacy syntax for alternative repository. Use "maven-snapshots::https://packages.aliyun.com/5fdc0afd99b59ba3c5ead757/maven/maven-snapshots" instead.
Downloading from maven-snapshots: https://packages.aliyun.com/5fdc0afd99b59ba3c5ead757/maven/maven-snapshots/com/github/hiwepy/jcaptcha-spring-boot-starter/3.1.x.20251227-SNAPSHOT/maven-metadata.xml
Uploading to maven-snapshots: https://packages.aliyun.com/5fdc0afd99b59ba3c5ead757/maven/maven-snapshots/com/github/hiwepy/jcaptcha-spring-boot-starter/3.1.x.20251227-SNAPSHOT/jcaptcha-spring-boot-starter-3.1.x.20251227-20260316.060130-1.pom
Progress (1): 4.1/15 kB
Progress (1): 8.2/15 kB
Progress (1): 12/15 kB 
Progress (1): 15 kB   
                   
Uploaded to maven-snapshots: https://packages.aliyun.com/5fdc0afd99b59ba3c5ead757/maven/maven-snapshots/com/github/hiwepy/jcaptcha-spring-boot-starter/3.1.x.20251227-SNAPSHOT/jcaptcha-spring-boot-starter-3.1.x.20251227-20260316.060130-1.pom (15 kB at 15 kB/s)
Uploading to maven-snapshots: https://packages.aliyun.com/5fdc0afd99b59ba3c5ead757/maven/maven-snapshots/com/github/hiwepy/jcaptcha-spring-boot-starter/3.1.x.20251227-SNAPSHOT/jcaptcha-spring-boot-starter-3.1.x.20251227-20260316.060130-1.jar
Progress (1): 4.1/22 kB
Progress (1): 8.2/22 kB
Progress (1): 12/22 kB 
Progress (1): 16/22 kB
Progress (1): 20/22 kB
Progress (1): 22 kB   
                   
Uploaded to maven-snapshots: https://packages.aliyun.com/5fdc0afd99b59ba3c5ead757/maven/maven-snapshots/com/github/hiwepy/jcaptcha-spring-boot-starter/3.1.x.20251227-SNAPSHOT/jcaptcha-spring-boot-starter-3.1.x.20251227-20260316.060130-1.jar (22 kB at 17 kB/s)
Uploading to maven-snapshots: https://packages.aliyun.com/5fdc0afd99b59ba3c5ead757/maven/maven-snapshots/com/github/hiwepy/jcaptcha-spring-boot-starter/3.1.x.20251227-SNAPSHOT/jcaptcha-spring-boot-starter-3.1.x.20251227-20260316.060130-1-sources.jar
Progress (1): 4.1/16 kB
Progress (1): 8.2/16 kB
Progress (1): 12/16 kB 
Progress (1): 16 kB   
                   
Uploaded to maven-snapshots: https://packages.aliyun.com/5fdc0afd99b59ba3c5ead757/maven/maven-snapshots/com/github/hiwepy/jcaptcha-spring-boot-starter/3.1.x.20251227-SNAPSHOT/jcaptcha-spring-boot-starter-3.1.x.20251227-20260316.060130-1-sources.jar (16 kB at 15 kB/s)
Downloading from maven-snapshots: https://packages.aliyun.com/5fdc0afd99b59ba3c5ead757/maven/maven-snapshots/com/github/hiwepy/jcaptcha-spring-boot-starter/maven-metadata.xml
Progress (1): 314 B
                   
Downloaded from maven-snapshots: https://packages.aliyun.com/5fdc0afd99b59ba3c5ead757/maven/maven-snapshots/com/github/hiwepy/jcaptcha-spring-boot-starter/maven-metadata.xml (314 B at 1.2 kB/s)
Uploading to maven-snapshots: https://packages.aliyun.com/5fdc0afd99b59ba3c5ead757/maven/maven-snapshots/com/github/hiwepy/jcaptcha-spring-boot-starter/3.1.x.20251227-SNAPSHOT/maven-metadata.xml
Progress (1): 1.0 kB
                    
Uploaded to maven-snapshots: https://packages.aliyun.com/5fdc0afd99b59ba3c5ead757/maven/maven-snapshots/com/github/hiwepy/jcaptcha-spring-boot-starter/3.1.x.20251227-SNAPSHOT/maven-metadata.xml (1.0 kB at 1.1 kB/s)
Uploading to maven-snapshots: https://packages.aliyun.com/5fdc0afd99b59ba3c5ead757/maven/maven-snapshots/com/github/hiwepy/jcaptcha-spring-boot-starter/maven-metadata.xml
Progress (1): 363 B
                   
Uploaded to maven-snapshots: https://packages.aliyun.com/5fdc0afd99b59ba3c5ead757/maven/maven-snapshots/com/github/hiwepy/jcaptcha-spring-boot-starter/maven-metadata.xml (363 B at 367 B/s)
[[1;34mINFO[m] [1m------------------------------------------------------------------------[m
[[1;34mINFO[m] [1;32mBUILD SUCCESS[m
[[1;34mINFO[m] [1m------------------------------------------------------------------------[m
[[1;34mINFO[m] Total time:  7.048 s
[[1;34mINFO[m] Finished at: 2026-03-16T14:01:36+08:00
[[1;34mINFO[m] [1m------------------------------------------------------------------------[m
[jcaptcha-spring-boot-starter/3.1.x] 成功
[[1;34mINFO[m] Scanning for projects...
[[1;34mINFO[m] 
[[1;34mINFO[m] [1m-----------< [0;36mio.github.hiwepy:jcaptcha-spring-boot-starter[0;1m >-----------[m
[[1;34mINFO[m] [1mBuilding io.github.hiwepy:jcaptcha-spring-boot-starter 3.2.x.20251227-SNAPSHOT[m
[[1;34mINFO[m] [1m--------------------------------[ jar ]---------------------------------[m
[[1;34mINFO[m] 
[[1;34mINFO[m] [1m--- [0;32mmaven-clean-plugin:3.4.0:clean[m [1m(default-clean)[m @ [36mjcaptcha-spring-boot-starter[0;1m ---[m
[[1;34mINFO[m] Deleting /Users/wandl/workspaces/workspace-ddd4j/workspace-ddd4j-boot-starters/jcaptcha-spring-boot-starter/target
[[1;34mINFO[m] 
[[1;34mINFO[m] [1m--- [0;32mmaven-enforcer-plugin:3.5.0:enforce[m [1m(default-cli)[m @ [36mjcaptcha-spring-boot-starter[0;1m ---[m
[[1;34mINFO[m] Rule 0: org.apache.maven.enforcer.rules.version.RequireMavenVersion passed
[[1;34mINFO[m] Rule 1: org.apache.maven.enforcer.rules.version.RequireJavaVersion passed
[[1;34mINFO[m] 
[[1;34mINFO[m] [1m--- [0;32mmaven-resources-plugin:3.3.1:resources[m [1m(default-resources)[m @ [36mjcaptcha-spring-boot-starter[0;1m ---[m
[[1;34mINFO[m] Copying 0 resource from src/main/resources to target/classes
[[1;34mINFO[m] Copying 3 resources from src/main/resources to target/classes
[[1;34mINFO[m] 
[[1;34mINFO[m] [1m--- [0;32mmaven-compiler-plugin:3.13.0:compile[m [1m(default-compile)[m @ [36mjcaptcha-spring-boot-starter[0;1m ---[m
[[1;34mINFO[m] Recompiling the module because of [1mchanged source code[m.
[[1;34mINFO[m] Compiling 8 source files with javac [debug parameters release 17] to target/classes
[[1;34mINFO[m] 由于在类路径中发现了一个或多个处理程序，因此启用了
  批注处理。未来发行版的 javac 可能会禁用批注处理，
  除非至少按名称指定了一个处理程序 (-processor)，
  或指定了搜索路径 (--processor-path, --processor-module-path)，
  或显式启用了批注处理 (-proc:only, -proc:full)。
  可使用 -Xlint:-options 隐藏此消息。
  可使用 -proc:none 禁用批注处理。
[[1;33mWARNING[m] /Users/wandl/workspaces/workspace-ddd4j/workspace-ddd4j-boot-starters/jcaptcha-spring-boot-starter/src/main/java/com/octo/captcha/spring/boot/filter/FilterConfigUtils.java:[27,33] java.lang.Integer 中的 Integer(java.lang.String) 已过时, 且标记为待删除
[[1;33mWARNING[m] /Users/wandl/workspaces/workspace-ddd4j/workspace-ddd4j-boot-starters/jcaptcha-spring-boot-starter/src/main/java/com/octo/captcha/spring/boot/filter/FilterConfigUtils.java:[47,33] java.lang.Boolean 中的 Boolean(java.lang.String) 已过时, 且标记为待删除
[[1;34mINFO[m] /Users/wandl/workspaces/workspace-ddd4j/workspace-ddd4j-boot-starters/jcaptcha-spring-boot-starter/src/main/java/com/octo/captcha/spring/boot/filter/image/ImageCaptchaFilter.java: /Users/wandl/workspaces/workspace-ddd4j/workspace-ddd4j-boot-starters/jcaptcha-spring-boot-starter/src/main/java/com/octo/captcha/spring/boot/filter/image/ImageCaptchaFilter.java使用或覆盖了已过时的 API。
[[1;34mINFO[m] /Users/wandl/workspaces/workspace-ddd4j/workspace-ddd4j-boot-starters/jcaptcha-spring-boot-starter/src/main/java/com/octo/captcha/spring/boot/filter/image/ImageCaptchaFilter.java: 有关详细信息, 请使用 -Xlint:deprecation 重新编译。
[[1;34mINFO[m] /Users/wandl/workspaces/workspace-ddd4j/workspace-ddd4j-boot-starters/jcaptcha-spring-boot-starter/src/main/java/com/octo/captcha/spring/boot/filter/image/ImageCaptchaFilter.java: /Users/wandl/workspaces/workspace-ddd4j/workspace-ddd4j-boot-starters/jcaptcha-spring-boot-starter/src/main/java/com/octo/captcha/spring/boot/filter/image/ImageCaptchaFilter.java使用了未经检查或不安全的操作。
[[1;34mINFO[m] /Users/wandl/workspaces/workspace-ddd4j/workspace-ddd4j-boot-starters/jcaptcha-spring-boot-starter/src/main/java/com/octo/captcha/spring/boot/filter/image/ImageCaptchaFilter.java: 有关详细信息, 请使用 -Xlint:unchecked 重新编译。
[[1;34mINFO[m] 
[[1;34mINFO[m] [1m--- [0;32mmaven-resources-plugin:3.3.1:testResources[m [1m(default-testResources)[m @ [36mjcaptcha-spring-boot-starter[0;1m ---[m
[[1;34mINFO[m] Not copying test resources
[[1;34mINFO[m] 
[[1;34mINFO[m] [1m--- [0;32mmaven-compiler-plugin:3.13.0:testCompile[m [1m(default-testCompile)[m @ [36mjcaptcha-spring-boot-starter[0;1m ---[m
[[1;34mINFO[m] Not compiling test sources
[[1;34mINFO[m] 
[[1;34mINFO[m] [1m--- [0;32mmaven-surefire-plugin:3.5.0:test[m [1m(default-test)[m @ [36mjcaptcha-spring-boot-starter[0;1m ---[m
[[1;34mINFO[m] Tests are skipped.
[[1;34mINFO[m] 
[[1;34mINFO[m] [1m--- [0;32mmaven-jar-plugin:3.4.2:jar[m [1m(default-jar)[m @ [36mjcaptcha-spring-boot-starter[0;1m ---[m
[[1;34mINFO[m] Building jar: /Users/wandl/workspaces/workspace-ddd4j/workspace-ddd4j-boot-starters/jcaptcha-spring-boot-starter/target/jcaptcha-spring-boot-starter-3.2.x.20251227-SNAPSHOT.jar
[[1;34mINFO[m] 
[[1;34mINFO[m] [1m--- [0;32mmaven-source-plugin:3.3.1:jar-no-fork[m [1m(attach-sources)[m @ [36mjcaptcha-spring-boot-starter[0;1m ---[m
[[1;34mINFO[m] Building jar: /Users/wandl/workspaces/workspace-ddd4j/workspace-ddd4j-boot-starters/jcaptcha-spring-boot-starter/target/jcaptcha-spring-boot-starter-3.2.x.20251227-SNAPSHOT-sources.jar
[[1;34mINFO[m] 
[[1;34mINFO[m] [1m--- [0;32mmaven-install-plugin:3.1.3:install[m [1m(default-install)[m @ [36mjcaptcha-spring-boot-starter[0;1m ---[m
[[1;34mINFO[m] Installing /Users/wandl/workspaces/workspace-ddd4j/workspace-ddd4j-boot-starters/jcaptcha-spring-boot-starter/pom.xml to /Users/wandl/.m2/repository/com/github/hiwepy/jcaptcha-spring-boot-starter/3.2.x.20251227-SNAPSHOT/jcaptcha-spring-boot-starter-3.2.x.20251227-SNAPSHOT.pom
[[1;34mINFO[m] Installing /Users/wandl/workspaces/workspace-ddd4j/workspace-ddd4j-boot-starters/jcaptcha-spring-boot-starter/target/jcaptcha-spring-boot-starter-3.2.x.20251227-SNAPSHOT.jar to /Users/wandl/.m2/repository/com/github/hiwepy/jcaptcha-spring-boot-starter/3.2.x.20251227-SNAPSHOT/jcaptcha-spring-boot-starter-3.2.x.20251227-SNAPSHOT.jar
[[1;34mINFO[m] Installing /Users/wandl/workspaces/workspace-ddd4j/workspace-ddd4j-boot-starters/jcaptcha-spring-boot-starter/target/jcaptcha-spring-boot-starter-3.2.x.20251227-SNAPSHOT-sources.jar to /Users/wandl/.m2/repository/com/github/hiwepy/jcaptcha-spring-boot-starter/3.2.x.20251227-SNAPSHOT/jcaptcha-spring-boot-starter-3.2.x.20251227-SNAPSHOT-sources.jar
[[1;34mINFO[m] 
[[1;34mINFO[m] [1m--- [0;32mmaven-deploy-plugin:3.1.3:deploy[m [1m(default-deploy)[m @ [36mjcaptcha-spring-boot-starter[0;1m ---[m
[[1;34mINFO[m] Using alternate deployment repository maven-snapshots::default::https://packages.aliyun.com/5fdc0afd99b59ba3c5ead757/maven/maven-snapshots
[[1;33mWARNING[m] Using legacy syntax for alternative repository. Use "maven-snapshots::https://packages.aliyun.com/5fdc0afd99b59ba3c5ead757/maven/maven-snapshots" instead.
Downloading from maven-snapshots: https://packages.aliyun.com/5fdc0afd99b59ba3c5ead757/maven/maven-snapshots/com/github/hiwepy/jcaptcha-spring-boot-starter/3.2.x.20251227-SNAPSHOT/maven-metadata.xml
Uploading to maven-snapshots: https://packages.aliyun.com/5fdc0afd99b59ba3c5ead757/maven/maven-snapshots/com/github/hiwepy/jcaptcha-spring-boot-starter/3.2.x.20251227-SNAPSHOT/jcaptcha-spring-boot-starter-3.2.x.20251227-20260316.060138-1.pom
Progress (1): 4.1/15 kB
Progress (1): 8.2/15 kB
Progress (1): 12/15 kB 
Progress (1): 15 kB   
                   
Uploaded to maven-snapshots: https://packages.aliyun.com/5fdc0afd99b59ba3c5ead757/maven/maven-snapshots/com/github/hiwepy/jcaptcha-spring-boot-starter/3.2.x.20251227-SNAPSHOT/jcaptcha-spring-boot-starter-3.2.x.20251227-20260316.060138-1.pom (15 kB at 15 kB/s)
Uploading to maven-snapshots: https://packages.aliyun.com/5fdc0afd99b59ba3c5ead757/maven/maven-snapshots/com/github/hiwepy/jcaptcha-spring-boot-starter/3.2.x.20251227-SNAPSHOT/jcaptcha-spring-boot-starter-3.2.x.20251227-20260316.060138-1.jar
Progress (1): 4.1/22 kB
Progress (1): 8.2/22 kB
Progress (1): 12/22 kB 
Progress (1): 16/22 kB
Progress (1): 20/22 kB
Progress (1): 22 kB   
                   
Uploaded to maven-snapshots: https://packages.aliyun.com/5fdc0afd99b59ba3c5ead757/maven/maven-snapshots/com/github/hiwepy/jcaptcha-spring-boot-starter/3.2.x.20251227-SNAPSHOT/jcaptcha-spring-boot-starter-3.2.x.20251227-20260316.060138-1.jar (22 kB at 22 kB/s)
Uploading to maven-snapshots: https://packages.aliyun.com/5fdc0afd99b59ba3c5ead757/maven/maven-snapshots/com/github/hiwepy/jcaptcha-spring-boot-starter/3.2.x.20251227-SNAPSHOT/jcaptcha-spring-boot-starter-3.2.x.20251227-20260316.060138-1-sources.jar
Progress (1): 4.1/16 kB
Progress (1): 8.2/16 kB
Progress (1): 12/16 kB 
Progress (1): 16 kB   
                   
Uploaded to maven-snapshots: https://packages.aliyun.com/5fdc0afd99b59ba3c5ead757/maven/maven-snapshots/com/github/hiwepy/jcaptcha-spring-boot-starter/3.2.x.20251227-SNAPSHOT/jcaptcha-spring-boot-starter-3.2.x.20251227-20260316.060138-1-sources.jar (16 kB at 15 kB/s)
Downloading from maven-snapshots: https://packages.aliyun.com/5fdc0afd99b59ba3c5ead757/maven/maven-snapshots/com/github/hiwepy/jcaptcha-spring-boot-starter/maven-metadata.xml
Progress (1): 363 B
                   
Downloaded from maven-snapshots: https://packages.aliyun.com/5fdc0afd99b59ba3c5ead757/maven/maven-snapshots/com/github/hiwepy/jcaptcha-spring-boot-starter/maven-metadata.xml (363 B at 1.4 kB/s)
Uploading to maven-snapshots: https://packages.aliyun.com/5fdc0afd99b59ba3c5ead757/maven/maven-snapshots/com/github/hiwepy/jcaptcha-spring-boot-starter/3.2.x.20251227-SNAPSHOT/maven-metadata.xml
Progress (1): 1.0 kB
                    
Uploaded to maven-snapshots: https://packages.aliyun.com/5fdc0afd99b59ba3c5ead757/maven/maven-snapshots/com/github/hiwepy/jcaptcha-spring-boot-starter/3.2.x.20251227-SNAPSHOT/maven-metadata.xml (1.0 kB at 937 B/s)
Uploading to maven-snapshots: https://packages.aliyun.com/5fdc0afd99b59ba3c5ead757/maven/maven-snapshots/com/github/hiwepy/jcaptcha-spring-boot-starter/maven-metadata.xml
Progress (1): 412 B
                   
Uploaded to maven-snapshots: https://packages.aliyun.com/5fdc0afd99b59ba3c5ead757/maven/maven-snapshots/com/github/hiwepy/jcaptcha-spring-boot-starter/maven-metadata.xml (412 B at 463 B/s)
[[1;34mINFO[m] [1m------------------------------------------------------------------------[m
[[1;34mINFO[m] [1;32mBUILD SUCCESS[m
[[1;34mINFO[m] [1m------------------------------------------------------------------------[m
[[1;34mINFO[m] Total time:  6.689 s
[[1;34mINFO[m] Finished at: 2026-03-16T14:01:43+08:00
[[1;34mINFO[m] [1m------------------------------------------------------------------------[m
[jcaptcha-spring-boot-starter/3.2.x] 成功
[[1;34mINFO[m] Scanning for projects...
[[1;34mINFO[m] 
[[1;34mINFO[m] [1m-----------< [0;36mio.github.hiwepy:jcaptcha-spring-boot-starter[0;1m >-----------[m
[[1;34mINFO[m] [1mBuilding io.github.hiwepy:jcaptcha-spring-boot-starter 3.3.x.20251227-SNAPSHOT[m
[[1;34mINFO[m] [1m--------------------------------[ jar ]---------------------------------[m
[[1;34mINFO[m] 
[[1;34mINFO[m] [1m--- [0;32mmaven-clean-plugin:3.4.0:clean[m [1m(default-clean)[m @ [36mjcaptcha-spring-boot-starter[0;1m ---[m
[[1;34mINFO[m] Deleting /Users/wandl/workspaces/workspace-ddd4j/workspace-ddd4j-boot-starters/jcaptcha-spring-boot-starter/target
[[1;34mINFO[m] 
[[1;34mINFO[m] [1m--- [0;32mmaven-enforcer-plugin:3.5.0:enforce[m [1m(default-cli)[m @ [36mjcaptcha-spring-boot-starter[0;1m ---[m
[[1;34mINFO[m] Rule 0: org.apache.maven.enforcer.rules.version.RequireMavenVersion passed
[[1;34mINFO[m] Rule 1: org.apache.maven.enforcer.rules.version.RequireJavaVersion passed
[[1;34mINFO[m] 
[[1;34mINFO[m] [1m--- [0;32mmaven-resources-plugin:3.3.1:resources[m [1m(default-resources)[m @ [36mjcaptcha-spring-boot-starter[0;1m ---[m
[[1;34mINFO[m] Copying 0 resource from src/main/resources to target/classes
[[1;34mINFO[m] Copying 3 resources from src/main/resources to target/classes
[[1;34mINFO[m] 
[[1;34mINFO[m] [1m--- [0;32mmaven-compiler-plugin:3.13.0:compile[m [1m(default-compile)[m @ [36mjcaptcha-spring-boot-starter[0;1m ---[m
[[1;34mINFO[m] Recompiling the module because of [1mchanged source code[m.
[[1;34mINFO[m] Compiling 8 source files with javac [debug parameters release 17] to target/classes
[[1;34mINFO[m] 由于在类路径中发现了一个或多个处理程序，因此启用了
  批注处理。未来发行版的 javac 可能会禁用批注处理，
  除非至少按名称指定了一个处理程序 (-processor)，
  或指定了搜索路径 (--processor-path, --processor-module-path)，
  或显式启用了批注处理 (-proc:only, -proc:full)。
  可使用 -Xlint:-options 隐藏此消息。
  可使用 -proc:none 禁用批注处理。
[[1;33mWARNING[m] /Users/wandl/workspaces/workspace-ddd4j/workspace-ddd4j-boot-starters/jcaptcha-spring-boot-starter/src/main/java/com/octo/captcha/spring/boot/filter/FilterConfigUtils.java:[27,33] java.lang.Integer 中的 Integer(java.lang.String) 已过时, 且标记为待删除
[[1;33mWARNING[m] /Users/wandl/workspaces/workspace-ddd4j/workspace-ddd4j-boot-starters/jcaptcha-spring-boot-starter/src/main/java/com/octo/captcha/spring/boot/filter/FilterConfigUtils.java:[47,33] java.lang.Boolean 中的 Boolean(java.lang.String) 已过时, 且标记为待删除
[[1;34mINFO[m] /Users/wandl/workspaces/workspace-ddd4j/workspace-ddd4j-boot-starters/jcaptcha-spring-boot-starter/src/main/java/com/octo/captcha/spring/boot/filter/image/ImageCaptchaFilter.java: /Users/wandl/workspaces/workspace-ddd4j/workspace-ddd4j-boot-starters/jcaptcha-spring-boot-starter/src/main/java/com/octo/captcha/spring/boot/filter/image/ImageCaptchaFilter.java使用或覆盖了已过时的 API。
[[1;34mINFO[m] /Users/wandl/workspaces/workspace-ddd4j/workspace-ddd4j-boot-starters/jcaptcha-spring-boot-starter/src/main/java/com/octo/captcha/spring/boot/filter/image/ImageCaptchaFilter.java: 有关详细信息, 请使用 -Xlint:deprecation 重新编译。
[[1;34mINFO[m] /Users/wandl/workspaces/workspace-ddd4j/workspace-ddd4j-boot-starters/jcaptcha-spring-boot-starter/src/main/java/com/octo/captcha/spring/boot/filter/image/ImageCaptchaFilter.java: /Users/wandl/workspaces/workspace-ddd4j/workspace-ddd4j-boot-starters/jcaptcha-spring-boot-starter/src/main/java/com/octo/captcha/spring/boot/filter/image/ImageCaptchaFilter.java使用了未经检查或不安全的操作。
[[1;34mINFO[m] /Users/wandl/workspaces/workspace-ddd4j/workspace-ddd4j-boot-starters/jcaptcha-spring-boot-starter/src/main/java/com/octo/captcha/spring/boot/filter/image/ImageCaptchaFilter.java: 有关详细信息, 请使用 -Xlint:unchecked 重新编译。
[[1;34mINFO[m] 
[[1;34mINFO[m] [1m--- [0;32mmaven-resources-plugin:3.3.1:testResources[m [1m(default-testResources)[m @ [36mjcaptcha-spring-boot-starter[0;1m ---[m
[[1;34mINFO[m] Not copying test resources
[[1;34mINFO[m] 
[[1;34mINFO[m] [1m--- [0;32mmaven-compiler-plugin:3.13.0:testCompile[m [1m(default-testCompile)[m @ [36mjcaptcha-spring-boot-starter[0;1m ---[m
[[1;34mINFO[m] Not compiling test sources
[[1;34mINFO[m] 
[[1;34mINFO[m] [1m--- [0;32mmaven-surefire-plugin:3.5.0:test[m [1m(default-test)[m @ [36mjcaptcha-spring-boot-starter[0;1m ---[m
[[1;34mINFO[m] Tests are skipped.
[[1;34mINFO[m] 
[[1;34mINFO[m] [1m--- [0;32mmaven-jar-plugin:3.4.2:jar[m [1m(default-jar)[m @ [36mjcaptcha-spring-boot-starter[0;1m ---[m
[[1;34mINFO[m] Building jar: /Users/wandl/workspaces/workspace-ddd4j/workspace-ddd4j-boot-starters/jcaptcha-spring-boot-starter/target/jcaptcha-spring-boot-starter-3.3.x.20251227-SNAPSHOT.jar
[[1;34mINFO[m] 
[[1;34mINFO[m] [1m--- [0;32mmaven-source-plugin:3.3.1:jar-no-fork[m [1m(attach-sources)[m @ [36mjcaptcha-spring-boot-starter[0;1m ---[m
[[1;34mINFO[m] Building jar: /Users/wandl/workspaces/workspace-ddd4j/workspace-ddd4j-boot-starters/jcaptcha-spring-boot-starter/target/jcaptcha-spring-boot-starter-3.3.x.20251227-SNAPSHOT-sources.jar
[[1;34mINFO[m] 
[[1;34mINFO[m] [1m--- [0;32mmaven-install-plugin:3.1.3:install[m [1m(default-install)[m @ [36mjcaptcha-spring-boot-starter[0;1m ---[m
[[1;34mINFO[m] Installing /Users/wandl/workspaces/workspace-ddd4j/workspace-ddd4j-boot-starters/jcaptcha-spring-boot-starter/pom.xml to /Users/wandl/.m2/repository/com/github/hiwepy/jcaptcha-spring-boot-starter/3.3.x.20251227-SNAPSHOT/jcaptcha-spring-boot-starter-3.3.x.20251227-SNAPSHOT.pom
[[1;34mINFO[m] Installing /Users/wandl/workspaces/workspace-ddd4j/workspace-ddd4j-boot-starters/jcaptcha-spring-boot-starter/target/jcaptcha-spring-boot-starter-3.3.x.20251227-SNAPSHOT.jar to /Users/wandl/.m2/repository/com/github/hiwepy/jcaptcha-spring-boot-starter/3.3.x.20251227-SNAPSHOT/jcaptcha-spring-boot-starter-3.3.x.20251227-SNAPSHOT.jar
[[1;34mINFO[m] Installing /Users/wandl/workspaces/workspace-ddd4j/workspace-ddd4j-boot-starters/jcaptcha-spring-boot-starter/target/jcaptcha-spring-boot-starter-3.3.x.20251227-SNAPSHOT-sources.jar to /Users/wandl/.m2/repository/com/github/hiwepy/jcaptcha-spring-boot-starter/3.3.x.20251227-SNAPSHOT/jcaptcha-spring-boot-starter-3.3.x.20251227-SNAPSHOT-sources.jar
[[1;34mINFO[m] 
[[1;34mINFO[m] [1m--- [0;32mmaven-deploy-plugin:3.1.3:deploy[m [1m(default-deploy)[m @ [36mjcaptcha-spring-boot-starter[0;1m ---[m
[[1;34mINFO[m] Using alternate deployment repository maven-snapshots::default::https://packages.aliyun.com/5fdc0afd99b59ba3c5ead757/maven/maven-snapshots
[[1;33mWARNING[m] Using legacy syntax for alternative repository. Use "maven-snapshots::https://packages.aliyun.com/5fdc0afd99b59ba3c5ead757/maven/maven-snapshots" instead.
Downloading from maven-snapshots: https://packages.aliyun.com/5fdc0afd99b59ba3c5ead757/maven/maven-snapshots/com/github/hiwepy/jcaptcha-spring-boot-starter/3.3.x.20251227-SNAPSHOT/maven-metadata.xml
Uploading to maven-snapshots: https://packages.aliyun.com/5fdc0afd99b59ba3c5ead757/maven/maven-snapshots/com/github/hiwepy/jcaptcha-spring-boot-starter/3.3.x.20251227-SNAPSHOT/jcaptcha-spring-boot-starter-3.3.x.20251227-20260316.060145-1.pom
Progress (1): 4.1/15 kB
Progress (1): 8.2/15 kB
Progress (1): 12/15 kB 
Progress (1): 15 kB   
                   
Uploaded to maven-snapshots: https://packages.aliyun.com/5fdc0afd99b59ba3c5ead757/maven/maven-snapshots/com/github/hiwepy/jcaptcha-spring-boot-starter/3.3.x.20251227-SNAPSHOT/jcaptcha-spring-boot-starter-3.3.x.20251227-20260316.060145-1.pom (15 kB at 16 kB/s)
Uploading to maven-snapshots: https://packages.aliyun.com/5fdc0afd99b59ba3c5ead757/maven/maven-snapshots/com/github/hiwepy/jcaptcha-spring-boot-starter/3.3.x.20251227-SNAPSHOT/jcaptcha-spring-boot-starter-3.3.x.20251227-20260316.060145-1.jar
Progress (1): 4.1/22 kB
Progress (1): 8.2/22 kB
Progress (1): 12/22 kB 
Progress (1): 16/22 kB
Progress (1): 20/22 kB
Progress (1): 22 kB   
                   
Uploaded to maven-snapshots: https://packages.aliyun.com/5fdc0afd99b59ba3c5ead757/maven/maven-snapshots/com/github/hiwepy/jcaptcha-spring-boot-starter/3.3.x.20251227-SNAPSHOT/jcaptcha-spring-boot-starter-3.3.x.20251227-20260316.060145-1.jar (22 kB at 22 kB/s)
Uploading to maven-snapshots: https://packages.aliyun.com/5fdc0afd99b59ba3c5ead757/maven/maven-snapshots/com/github/hiwepy/jcaptcha-spring-boot-starter/3.3.x.20251227-SNAPSHOT/jcaptcha-spring-boot-starter-3.3.x.20251227-20260316.060145-1-sources.jar
Progress (1): 4.1/16 kB
Progress (1): 8.2/16 kB
Progress (1): 12/16 kB 
Progress (1): 16 kB   
                   
Uploaded to maven-snapshots: https://packages.aliyun.com/5fdc0afd99b59ba3c5ead757/maven/maven-snapshots/com/github/hiwepy/jcaptcha-spring-boot-starter/3.3.x.20251227-SNAPSHOT/jcaptcha-spring-boot-starter-3.3.x.20251227-20260316.060145-1-sources.jar (16 kB at 16 kB/s)
Downloading from maven-snapshots: https://packages.aliyun.com/5fdc0afd99b59ba3c5ead757/maven/maven-snapshots/com/github/hiwepy/jcaptcha-spring-boot-starter/maven-metadata.xml
Progress (1): 412 B
                   
Downloaded from maven-snapshots: https://packages.aliyun.com/5fdc0afd99b59ba3c5ead757/maven/maven-snapshots/com/github/hiwepy/jcaptcha-spring-boot-starter/maven-metadata.xml (412 B at 1.8 kB/s)
Uploading to maven-snapshots: https://packages.aliyun.com/5fdc0afd99b59ba3c5ead757/maven/maven-snapshots/com/github/hiwepy/jcaptcha-spring-boot-starter/3.3.x.20251227-SNAPSHOT/maven-metadata.xml
Progress (1): 1.0 kB
                    
Uploaded to maven-snapshots: https://packages.aliyun.com/5fdc0afd99b59ba3c5ead757/maven/maven-snapshots/com/github/hiwepy/jcaptcha-spring-boot-starter/3.3.x.20251227-SNAPSHOT/maven-metadata.xml (1.0 kB at 954 B/s)
Uploading to maven-snapshots: https://packages.aliyun.com/5fdc0afd99b59ba3c5ead757/maven/maven-snapshots/com/github/hiwepy/jcaptcha-spring-boot-starter/maven-metadata.xml
Progress (1): 461 B
                   
Uploaded to maven-snapshots: https://packages.aliyun.com/5fdc0afd99b59ba3c5ead757/maven/maven-snapshots/com/github/hiwepy/jcaptcha-spring-boot-starter/maven-metadata.xml (461 B at 481 B/s)
[[1;34mINFO[m] [1m------------------------------------------------------------------------[m
[[1;34mINFO[m] [1;32mBUILD SUCCESS[m
[[1;34mINFO[m] [1m------------------------------------------------------------------------[m
[[1;34mINFO[m] Total time:  6.561 s
[[1;34mINFO[m] Finished at: 2026-03-16T14:01:50+08:00
[[1;34mINFO[m] [1m------------------------------------------------------------------------[m
[jcaptcha-spring-boot-starter/3.3.x] 成功
[[1;34mINFO[m] Scanning for projects...
[[1;34mINFO[m] 
[[1;34mINFO[m] [1m-----------< [0;36mio.github.hiwepy:jcaptcha-spring-boot-starter[0;1m >-----------[m
[[1;34mINFO[m] [1mBuilding io.github.hiwepy:jcaptcha-spring-boot-starter 3.4.x.20251227-SNAPSHOT[m
[[1;34mINFO[m] [1m--------------------------------[ jar ]---------------------------------[m
[[1;34mINFO[m] 
[[1;34mINFO[m] [1m--- [0;32mmaven-clean-plugin:3.4.0:clean[m [1m(default-clean)[m @ [36mjcaptcha-spring-boot-starter[0;1m ---[m
[[1;34mINFO[m] Deleting /Users/wandl/workspaces/workspace-ddd4j/workspace-ddd4j-boot-starters/jcaptcha-spring-boot-starter/target
[[1;34mINFO[m] 
[[1;34mINFO[m] [1m--- [0;32mmaven-enforcer-plugin:3.5.0:enforce[m [1m(default-cli)[m @ [36mjcaptcha-spring-boot-starter[0;1m ---[m
[[1;34mINFO[m] Rule 0: org.apache.maven.enforcer.rules.version.RequireMavenVersion passed
[[1;34mINFO[m] Rule 1: org.apache.maven.enforcer.rules.version.RequireJavaVersion passed
[[1;34mINFO[m] 
[[1;34mINFO[m] [1m--- [0;32mmaven-resources-plugin:3.3.1:resources[m [1m(default-resources)[m @ [36mjcaptcha-spring-boot-starter[0;1m ---[m
[[1;34mINFO[m] Copying 0 resource from src/main/resources to target/classes
[[1;34mINFO[m] Copying 3 resources from src/main/resources to target/classes
[[1;34mINFO[m] 
[[1;34mINFO[m] [1m--- [0;32mmaven-compiler-plugin:3.13.0:compile[m [1m(default-compile)[m @ [36mjcaptcha-spring-boot-starter[0;1m ---[m
[[1;34mINFO[m] Recompiling the module because of [1mchanged source code[m.
[[1;34mINFO[m] Compiling 8 source files with javac [debug parameters release 17] to target/classes
[[1;34mINFO[m] 由于在类路径中发现了一个或多个处理程序，因此启用了
  批注处理。未来发行版的 javac 可能会禁用批注处理，
  除非至少按名称指定了一个处理程序 (-processor)，
  或指定了搜索路径 (--processor-path, --processor-module-path)，
  或显式启用了批注处理 (-proc:only, -proc:full)。
  可使用 -Xlint:-options 隐藏此消息。
  可使用 -proc:none 禁用批注处理。
[[1;33mWARNING[m] /Users/wandl/workspaces/workspace-ddd4j/workspace-ddd4j-boot-starters/jcaptcha-spring-boot-starter/src/main/java/com/octo/captcha/spring/boot/filter/FilterConfigUtils.java:[27,33] java.lang.Integer 中的 Integer(java.lang.String) 已过时, 且标记为待删除
[[1;33mWARNING[m] /Users/wandl/workspaces/workspace-ddd4j/workspace-ddd4j-boot-starters/jcaptcha-spring-boot-starter/src/main/java/com/octo/captcha/spring/boot/filter/FilterConfigUtils.java:[47,33] java.lang.Boolean 中的 Boolean(java.lang.String) 已过时, 且标记为待删除
[[1;34mINFO[m] /Users/wandl/workspaces/workspace-ddd4j/workspace-ddd4j-boot-starters/jcaptcha-spring-boot-starter/src/main/java/com/octo/captcha/spring/boot/filter/image/ImageCaptchaFilter.java: /Users/wandl/workspaces/workspace-ddd4j/workspace-ddd4j-boot-starters/jcaptcha-spring-boot-starter/src/main/java/com/octo/captcha/spring/boot/filter/image/ImageCaptchaFilter.java使用或覆盖了已过时的 API。
[[1;34mINFO[m] /Users/wandl/workspaces/workspace-ddd4j/workspace-ddd4j-boot-starters/jcaptcha-spring-boot-starter/src/main/java/com/octo/captcha/spring/boot/filter/image/ImageCaptchaFilter.java: 有关详细信息, 请使用 -Xlint:deprecation 重新编译。
[[1;34mINFO[m] /Users/wandl/workspaces/workspace-ddd4j/workspace-ddd4j-boot-starters/jcaptcha-spring-boot-starter/src/main/java/com/octo/captcha/spring/boot/filter/image/ImageCaptchaFilter.java: /Users/wandl/workspaces/workspace-ddd4j/workspace-ddd4j-boot-starters/jcaptcha-spring-boot-starter/src/main/java/com/octo/captcha/spring/boot/filter/image/ImageCaptchaFilter.java使用了未经检查或不安全的操作。
[[1;34mINFO[m] /Users/wandl/workspaces/workspace-ddd4j/workspace-ddd4j-boot-starters/jcaptcha-spring-boot-starter/src/main/java/com/octo/captcha/spring/boot/filter/image/ImageCaptchaFilter.java: 有关详细信息, 请使用 -Xlint:unchecked 重新编译。
[[1;34mINFO[m] 
[[1;34mINFO[m] [1m--- [0;32mmaven-resources-plugin:3.3.1:testResources[m [1m(default-testResources)[m @ [36mjcaptcha-spring-boot-starter[0;1m ---[m
[[1;34mINFO[m] Not copying test resources
[[1;34mINFO[m] 
[[1;34mINFO[m] [1m--- [0;32mmaven-compiler-plugin:3.13.0:testCompile[m [1m(default-testCompile)[m @ [36mjcaptcha-spring-boot-starter[0;1m ---[m
[[1;34mINFO[m] Not compiling test sources
[[1;34mINFO[m] 
[[1;34mINFO[m] [1m--- [0;32mmaven-surefire-plugin:3.5.0:test[m [1m(default-test)[m @ [36mjcaptcha-spring-boot-starter[0;1m ---[m
[[1;34mINFO[m] Tests are skipped.
[[1;34mINFO[m] 
[[1;34mINFO[m] [1m--- [0;32mmaven-jar-plugin:3.4.2:jar[m [1m(default-jar)[m @ [36mjcaptcha-spring-boot-starter[0;1m ---[m
[[1;34mINFO[m] Building jar: /Users/wandl/workspaces/workspace-ddd4j/workspace-ddd4j-boot-starters/jcaptcha-spring-boot-starter/target/jcaptcha-spring-boot-starter-3.4.x.20251227-SNAPSHOT.jar
[[1;34mINFO[m] 
[[1;34mINFO[m] [1m--- [0;32mmaven-source-plugin:3.3.1:jar-no-fork[m [1m(attach-sources)[m @ [36mjcaptcha-spring-boot-starter[0;1m ---[m
[[1;34mINFO[m] Building jar: /Users/wandl/workspaces/workspace-ddd4j/workspace-ddd4j-boot-starters/jcaptcha-spring-boot-starter/target/jcaptcha-spring-boot-starter-3.4.x.20251227-SNAPSHOT-sources.jar
[[1;34mINFO[m] 
[[1;34mINFO[m] [1m--- [0;32mmaven-install-plugin:3.1.3:install[m [1m(default-install)[m @ [36mjcaptcha-spring-boot-starter[0;1m ---[m
[[1;34mINFO[m] Installing /Users/wandl/workspaces/workspace-ddd4j/workspace-ddd4j-boot-starters/jcaptcha-spring-boot-starter/pom.xml to /Users/wandl/.m2/repository/com/github/hiwepy/jcaptcha-spring-boot-starter/3.4.x.20251227-SNAPSHOT/jcaptcha-spring-boot-starter-3.4.x.20251227-SNAPSHOT.pom
[[1;34mINFO[m] Installing /Users/wandl/workspaces/workspace-ddd4j/workspace-ddd4j-boot-starters/jcaptcha-spring-boot-starter/target/jcaptcha-spring-boot-starter-3.4.x.20251227-SNAPSHOT.jar to /Users/wandl/.m2/repository/com/github/hiwepy/jcaptcha-spring-boot-starter/3.4.x.20251227-SNAPSHOT/jcaptcha-spring-boot-starter-3.4.x.20251227-SNAPSHOT.jar
[[1;34mINFO[m] Installing /Users/wandl/workspaces/workspace-ddd4j/workspace-ddd4j-boot-starters/jcaptcha-spring-boot-starter/target/jcaptcha-spring-boot-starter-3.4.x.20251227-SNAPSHOT-sources.jar to /Users/wandl/.m2/repository/com/github/hiwepy/jcaptcha-spring-boot-starter/3.4.x.20251227-SNAPSHOT/jcaptcha-spring-boot-starter-3.4.x.20251227-SNAPSHOT-sources.jar
[[1;34mINFO[m] 
[[1;34mINFO[m] [1m--- [0;32mmaven-deploy-plugin:3.1.3:deploy[m [1m(default-deploy)[m @ [36mjcaptcha-spring-boot-starter[0;1m ---[m
[[1;34mINFO[m] Using alternate deployment repository maven-snapshots::default::https://packages.aliyun.com/5fdc0afd99b59ba3c5ead757/maven/maven-snapshots
[[1;33mWARNING[m] Using legacy syntax for alternative repository. Use "maven-snapshots::https://packages.aliyun.com/5fdc0afd99b59ba3c5ead757/maven/maven-snapshots" instead.
Downloading from maven-snapshots: https://packages.aliyun.com/5fdc0afd99b59ba3c5ead757/maven/maven-snapshots/com/github/hiwepy/jcaptcha-spring-boot-starter/3.4.x.20251227-SNAPSHOT/maven-metadata.xml
Uploading to maven-snapshots: https://packages.aliyun.com/5fdc0afd99b59ba3c5ead757/maven/maven-snapshots/com/github/hiwepy/jcaptcha-spring-boot-starter/3.4.x.20251227-SNAPSHOT/jcaptcha-spring-boot-starter-3.4.x.20251227-20260316.060152-1.pom
Progress (1): 4.1/15 kB
Progress (1): 8.2/15 kB
Progress (1): 12/15 kB 
Progress (1): 15 kB   
                   
Uploaded to maven-snapshots: https://packages.aliyun.com/5fdc0afd99b59ba3c5ead757/maven/maven-snapshots/com/github/hiwepy/jcaptcha-spring-boot-starter/3.4.x.20251227-SNAPSHOT/jcaptcha-spring-boot-starter-3.4.x.20251227-20260316.060152-1.pom (15 kB at 16 kB/s)
Uploading to maven-snapshots: https://packages.aliyun.com/5fdc0afd99b59ba3c5ead757/maven/maven-snapshots/com/github/hiwepy/jcaptcha-spring-boot-starter/3.4.x.20251227-SNAPSHOT/jcaptcha-spring-boot-starter-3.4.x.20251227-20260316.060152-1.jar
Progress (1): 4.1/22 kB
Progress (1): 8.2/22 kB
Progress (1): 12/22 kB 
Progress (1): 16/22 kB
Progress (1): 20/22 kB
Progress (1): 22 kB   
                   
Uploaded to maven-snapshots: https://packages.aliyun.com/5fdc0afd99b59ba3c5ead757/maven/maven-snapshots/com/github/hiwepy/jcaptcha-spring-boot-starter/3.4.x.20251227-SNAPSHOT/jcaptcha-spring-boot-starter-3.4.x.20251227-20260316.060152-1.jar (22 kB at 14 kB/s)
Uploading to maven-snapshots: https://packages.aliyun.com/5fdc0afd99b59ba3c5ead757/maven/maven-snapshots/com/github/hiwepy/jcaptcha-spring-boot-starter/3.4.x.20251227-SNAPSHOT/jcaptcha-spring-boot-starter-3.4.x.20251227-20260316.060152-1-sources.jar
Progress (1): 4.1/16 kB
Progress (1): 8.2/16 kB
Progress (1): 12/16 kB 
Progress (1): 16 kB   
                   
Uploaded to maven-snapshots: https://packages.aliyun.com/5fdc0afd99b59ba3c5ead757/maven/maven-snapshots/com/github/hiwepy/jcaptcha-spring-boot-starter/3.4.x.20251227-SNAPSHOT/jcaptcha-spring-boot-starter-3.4.x.20251227-20260316.060152-1-sources.jar (16 kB at 17 kB/s)
Downloading from maven-snapshots: https://packages.aliyun.com/5fdc0afd99b59ba3c5ead757/maven/maven-snapshots/com/github/hiwepy/jcaptcha-spring-boot-starter/maven-metadata.xml
Progress (1): 461 B
                   
Downloaded from maven-snapshots: https://packages.aliyun.com/5fdc0afd99b59ba3c5ead757/maven/maven-snapshots/com/github/hiwepy/jcaptcha-spring-boot-starter/maven-metadata.xml (461 B at 2.0 kB/s)
Uploading to maven-snapshots: https://packages.aliyun.com/5fdc0afd99b59ba3c5ead757/maven/maven-snapshots/com/github/hiwepy/jcaptcha-spring-boot-starter/3.4.x.20251227-SNAPSHOT/maven-metadata.xml
Progress (1): 1.0 kB
                    
Uploaded to maven-snapshots: https://packages.aliyun.com/5fdc0afd99b59ba3c5ead757/maven/maven-snapshots/com/github/hiwepy/jcaptcha-spring-boot-starter/3.4.x.20251227-SNAPSHOT/maven-metadata.xml (1.0 kB at 1.0 kB/s)
Uploading to maven-snapshots: https://packages.aliyun.com/5fdc0afd99b59ba3c5ead757/maven/maven-snapshots/com/github/hiwepy/jcaptcha-spring-boot-starter/maven-metadata.xml
Progress (1): 510 B
                   
Uploaded to maven-snapshots: https://packages.aliyun.com/5fdc0afd99b59ba3c5ead757/maven/maven-snapshots/com/github/hiwepy/jcaptcha-spring-boot-starter/maven-metadata.xml (510 B at 515 B/s)
[[1;34mINFO[m] [1m------------------------------------------------------------------------[m
[[1;34mINFO[m] [1;32mBUILD SUCCESS[m
[[1;34mINFO[m] [1m------------------------------------------------------------------------[m
[[1;34mINFO[m] Total time:  7.089 s
[[1;34mINFO[m] Finished at: 2026-03-16T14:01:58+08:00
[[1;34mINFO[m] [1m------------------------------------------------------------------------[m
[jcaptcha-spring-boot-starter/3.4.x] 成功
[[1;34mINFO[m] Scanning for projects...
[[1;34mINFO[m] 
[[1;34mINFO[m] [1m-----------< [0;36mio.github.hiwepy:jcaptcha-spring-boot-starter[0;1m >-----------[m
[[1;34mINFO[m] [1mBuilding io.github.hiwepy:jcaptcha-spring-boot-starter 3.5.x.20251227-SNAPSHOT[m
[[1;34mINFO[m] [1m--------------------------------[ jar ]---------------------------------[m
[[1;34mINFO[m] 
[[1;34mINFO[m] [1m--- [0;32mmaven-clean-plugin:3.4.0:clean[m [1m(default-clean)[m @ [36mjcaptcha-spring-boot-starter[0;1m ---[m
[[1;34mINFO[m] Deleting /Users/wandl/workspaces/workspace-ddd4j/workspace-ddd4j-boot-starters/jcaptcha-spring-boot-starter/target
[[1;34mINFO[m] 
[[1;34mINFO[m] [1m--- [0;32mmaven-enforcer-plugin:3.5.0:enforce[m [1m(default-cli)[m @ [36mjcaptcha-spring-boot-starter[0;1m ---[m
[[1;34mINFO[m] Rule 0: org.apache.maven.enforcer.rules.version.RequireMavenVersion passed
[[1;34mINFO[m] Rule 1: org.apache.maven.enforcer.rules.version.RequireJavaVersion passed
[[1;34mINFO[m] 
[[1;34mINFO[m] [1m--- [0;32mmaven-resources-plugin:3.3.1:resources[m [1m(default-resources)[m @ [36mjcaptcha-spring-boot-starter[0;1m ---[m
[[1;34mINFO[m] Copying 0 resource from src/main/resources to target/classes
[[1;34mINFO[m] Copying 3 resources from src/main/resources to target/classes
[[1;34mINFO[m] 
[[1;34mINFO[m] [1m--- [0;32mmaven-compiler-plugin:3.13.0:compile[m [1m(default-compile)[m @ [36mjcaptcha-spring-boot-starter[0;1m ---[m
[[1;34mINFO[m] Recompiling the module because of [1mchanged source code[m.
[[1;34mINFO[m] Compiling 8 source files with javac [debug parameters release 17] to target/classes
[[1;34mINFO[m] 由于在类路径中发现了一个或多个处理程序，因此启用了
  批注处理。未来发行版的 javac 可能会禁用批注处理，
  除非至少按名称指定了一个处理程序 (-processor)，
  或指定了搜索路径 (--processor-path, --processor-module-path)，
  或显式启用了批注处理 (-proc:only, -proc:full)。
  可使用 -Xlint:-options 隐藏此消息。
  可使用 -proc:none 禁用批注处理。
[[1;33mWARNING[m] /Users/wandl/workspaces/workspace-ddd4j/workspace-ddd4j-boot-starters/jcaptcha-spring-boot-starter/src/main/java/com/octo/captcha/spring/boot/filter/FilterConfigUtils.java:[27,33] java.lang.Integer 中的 Integer(java.lang.String) 已过时, 且标记为待删除
[[1;33mWARNING[m] /Users/wandl/workspaces/workspace-ddd4j/workspace-ddd4j-boot-starters/jcaptcha-spring-boot-starter/src/main/java/com/octo/captcha/spring/boot/filter/FilterConfigUtils.java:[47,33] java.lang.Boolean 中的 Boolean(java.lang.String) 已过时, 且标记为待删除
[[1;34mINFO[m] /Users/wandl/workspaces/workspace-ddd4j/workspace-ddd4j-boot-starters/jcaptcha-spring-boot-starter/src/main/java/com/octo/captcha/spring/boot/filter/image/ImageCaptchaFilter.java: /Users/wandl/workspaces/workspace-ddd4j/workspace-ddd4j-boot-starters/jcaptcha-spring-boot-starter/src/main/java/com/octo/captcha/spring/boot/filter/image/ImageCaptchaFilter.java使用或覆盖了已过时的 API。
[[1;34mINFO[m] /Users/wandl/workspaces/workspace-ddd4j/workspace-ddd4j-boot-starters/jcaptcha-spring-boot-starter/src/main/java/com/octo/captcha/spring/boot/filter/image/ImageCaptchaFilter.java: 有关详细信息, 请使用 -Xlint:deprecation 重新编译。
[[1;34mINFO[m] /Users/wandl/workspaces/workspace-ddd4j/workspace-ddd4j-boot-starters/jcaptcha-spring-boot-starter/src/main/java/com/octo/captcha/spring/boot/filter/image/ImageCaptchaFilter.java: /Users/wandl/workspaces/workspace-ddd4j/workspace-ddd4j-boot-starters/jcaptcha-spring-boot-starter/src/main/java/com/octo/captcha/spring/boot/filter/image/ImageCaptchaFilter.java使用了未经检查或不安全的操作。
[[1;34mINFO[m] /Users/wandl/workspaces/workspace-ddd4j/workspace-ddd4j-boot-starters/jcaptcha-spring-boot-starter/src/main/java/com/octo/captcha/spring/boot/filter/image/ImageCaptchaFilter.java: 有关详细信息, 请使用 -Xlint:unchecked 重新编译。
[[1;34mINFO[m] 
[[1;34mINFO[m] [1m--- [0;32mmaven-resources-plugin:3.3.1:testResources[m [1m(default-testResources)[m @ [36mjcaptcha-spring-boot-starter[0;1m ---[m
[[1;34mINFO[m] Not copying test resources
[[1;34mINFO[m] 
[[1;34mINFO[m] [1m--- [0;32mmaven-compiler-plugin:3.13.0:testCompile[m [1m(default-testCompile)[m @ [36mjcaptcha-spring-boot-starter[0;1m ---[m
[[1;34mINFO[m] Not compiling test sources
[[1;34mINFO[m] 
[[1;34mINFO[m] [1m--- [0;32mmaven-surefire-plugin:3.5.0:test[m [1m(default-test)[m @ [36mjcaptcha-spring-boot-starter[0;1m ---[m
[[1;34mINFO[m] Tests are skipped.
[[1;34mINFO[m] 
[[1;34mINFO[m] [1m--- [0;32mmaven-jar-plugin:3.4.2:jar[m [1m(default-jar)[m @ [36mjcaptcha-spring-boot-starter[0;1m ---[m
[[1;34mINFO[m] Building jar: /Users/wandl/workspaces/workspace-ddd4j/workspace-ddd4j-boot-starters/jcaptcha-spring-boot-starter/target/jcaptcha-spring-boot-starter-3.5.x.20251227-SNAPSHOT.jar
[[1;34mINFO[m] 
[[1;34mINFO[m] [1m--- [0;32mmaven-source-plugin:3.3.1:jar-no-fork[m [1m(attach-sources)[m @ [36mjcaptcha-spring-boot-starter[0;1m ---[m
[[1;34mINFO[m] Building jar: /Users/wandl/workspaces/workspace-ddd4j/workspace-ddd4j-boot-starters/jcaptcha-spring-boot-starter/target/jcaptcha-spring-boot-starter-3.5.x.20251227-SNAPSHOT-sources.jar
[[1;34mINFO[m] 
[[1;34mINFO[m] [1m--- [0;32mmaven-install-plugin:3.1.3:install[m [1m(default-install)[m @ [36mjcaptcha-spring-boot-starter[0;1m ---[m
[[1;34mINFO[m] Installing /Users/wandl/workspaces/workspace-ddd4j/workspace-ddd4j-boot-starters/jcaptcha-spring-boot-starter/pom.xml to /Users/wandl/.m2/repository/com/github/hiwepy/jcaptcha-spring-boot-starter/3.5.x.20251227-SNAPSHOT/jcaptcha-spring-boot-starter-3.5.x.20251227-SNAPSHOT.pom
[[1;34mINFO[m] Installing /Users/wandl/workspaces/workspace-ddd4j/workspace-ddd4j-boot-starters/jcaptcha-spring-boot-starter/target/jcaptcha-spring-boot-starter-3.5.x.20251227-SNAPSHOT.jar to /Users/wandl/.m2/repository/com/github/hiwepy/jcaptcha-spring-boot-starter/3.5.x.20251227-SNAPSHOT/jcaptcha-spring-boot-starter-3.5.x.20251227-SNAPSHOT.jar
[[1;34mINFO[m] Installing /Users/wandl/workspaces/workspace-ddd4j/workspace-ddd4j-boot-starters/jcaptcha-spring-boot-starter/target/jcaptcha-spring-boot-starter-3.5.x.20251227-SNAPSHOT-sources.jar to /Users/wandl/.m2/repository/com/github/hiwepy/jcaptcha-spring-boot-starter/3.5.x.20251227-SNAPSHOT/jcaptcha-spring-boot-starter-3.5.x.20251227-SNAPSHOT-sources.jar
[[1;34mINFO[m] 
[[1;34mINFO[m] [1m--- [0;32mmaven-deploy-plugin:3.1.3:deploy[m [1m(default-deploy)[m @ [36mjcaptcha-spring-boot-starter[0;1m ---[m
[[1;34mINFO[m] Using alternate deployment repository maven-snapshots::default::https://packages.aliyun.com/5fdc0afd99b59ba3c5ead757/maven/maven-snapshots
[[1;33mWARNING[m] Using legacy syntax for alternative repository. Use "maven-snapshots::https://packages.aliyun.com/5fdc0afd99b59ba3c5ead757/maven/maven-snapshots" instead.
Downloading from maven-snapshots: https://packages.aliyun.com/5fdc0afd99b59ba3c5ead757/maven/maven-snapshots/com/github/hiwepy/jcaptcha-spring-boot-starter/3.5.x.20251227-SNAPSHOT/maven-metadata.xml
Uploading to maven-snapshots: https://packages.aliyun.com/5fdc0afd99b59ba3c5ead757/maven/maven-snapshots/com/github/hiwepy/jcaptcha-spring-boot-starter/3.5.x.20251227-SNAPSHOT/jcaptcha-spring-boot-starter-3.5.x.20251227-20260316.060159-1.pom
Progress (1): 4.1/15 kB
Progress (1): 8.2/15 kB
Progress (1): 12/15 kB 
Progress (1): 15 kB   
                   
Uploaded to maven-snapshots: https://packages.aliyun.com/5fdc0afd99b59ba3c5ead757/maven/maven-snapshots/com/github/hiwepy/jcaptcha-spring-boot-starter/3.5.x.20251227-SNAPSHOT/jcaptcha-spring-boot-starter-3.5.x.20251227-20260316.060159-1.pom (15 kB at 12 kB/s)
Uploading to maven-snapshots: https://packages.aliyun.com/5fdc0afd99b59ba3c5ead757/maven/maven-snapshots/com/github/hiwepy/jcaptcha-spring-boot-starter/3.5.x.20251227-SNAPSHOT/jcaptcha-spring-boot-starter-3.5.x.20251227-20260316.060159-1.jar
Progress (1): 4.1/22 kB
Progress (1): 8.2/22 kB
Progress (1): 12/22 kB 
Progress (1): 16/22 kB
Progress (1): 20/22 kB
Progress (1): 22 kB   
                   
Uploaded to maven-snapshots: https://packages.aliyun.com/5fdc0afd99b59ba3c5ead757/maven/maven-snapshots/com/github/hiwepy/jcaptcha-spring-boot-starter/3.5.x.20251227-SNAPSHOT/jcaptcha-spring-boot-starter-3.5.x.20251227-20260316.060159-1.jar (22 kB at 22 kB/s)
Uploading to maven-snapshots: https://packages.aliyun.com/5fdc0afd99b59ba3c5ead757/maven/maven-snapshots/com/github/hiwepy/jcaptcha-spring-boot-starter/3.5.x.20251227-SNAPSHOT/jcaptcha-spring-boot-starter-3.5.x.20251227-20260316.060159-1-sources.jar
Progress (1): 4.1/16 kB
Progress (1): 8.2/16 kB
Progress (1): 12/16 kB 
Progress (1): 16 kB   
                   
Uploaded to maven-snapshots: https://packages.aliyun.com/5fdc0afd99b59ba3c5ead757/maven/maven-snapshots/com/github/hiwepy/jcaptcha-spring-boot-starter/3.5.x.20251227-SNAPSHOT/jcaptcha-spring-boot-starter-3.5.x.20251227-20260316.060159-1-sources.jar (16 kB at 11 kB/s)
Downloading from maven-snapshots: https://packages.aliyun.com/5fdc0afd99b59ba3c5ead757/maven/maven-snapshots/com/github/hiwepy/jcaptcha-spring-boot-starter/maven-metadata.xml
Progress (1): 510 B
                   
Downloaded from maven-snapshots: https://packages.aliyun.com/5fdc0afd99b59ba3c5ead757/maven/maven-snapshots/com/github/hiwepy/jcaptcha-spring-boot-starter/maven-metadata.xml (510 B at 2.1 kB/s)
Uploading to maven-snapshots: https://packages.aliyun.com/5fdc0afd99b59ba3c5ead757/maven/maven-snapshots/com/github/hiwepy/jcaptcha-spring-boot-starter/3.5.x.20251227-SNAPSHOT/maven-metadata.xml
Progress (1): 1.0 kB
                    
Uploaded to maven-snapshots: https://packages.aliyun.com/5fdc0afd99b59ba3c5ead757/maven/maven-snapshots/com/github/hiwepy/jcaptcha-spring-boot-starter/3.5.x.20251227-SNAPSHOT/maven-metadata.xml (1.0 kB at 1.1 kB/s)
Uploading to maven-snapshots: https://packages.aliyun.com/5fdc0afd99b59ba3c5ead757/maven/maven-snapshots/com/github/hiwepy/jcaptcha-spring-boot-starter/maven-metadata.xml
Progress (1): 559 B
                   
Uploaded to maven-snapshots: https://packages.aliyun.com/5fdc0afd99b59ba3c5ead757/maven/maven-snapshots/com/github/hiwepy/jcaptcha-spring-boot-starter/maven-metadata.xml (559 B at 560 B/s)
[[1;34mINFO[m] [1m------------------------------------------------------------------------[m
[[1;34mINFO[m] [1;32mBUILD SUCCESS[m
[[1;34mINFO[m] [1m------------------------------------------------------------------------[m
[[1;34mINFO[m] Total time:  7.170 s
[[1;34mINFO[m] Finished at: 2026-03-16T14:02:05+08:00
[[1;34mINFO[m] [1m------------------------------------------------------------------------[m
[jcaptcha-spring-boot-starter/3.5.x] 成功
[[1;34mINFO[m] Scanning for projects...
[[1;34mINFO[m] 
[[1;34mINFO[m] [1m-----------< [0;36mio.github.hiwepy:jcaptcha-spring-boot-starter[0;1m >-----------[m
[[1;34mINFO[m] [1mBuilding io.github.hiwepy:jcaptcha-spring-boot-starter 4.0.x.20251227-SNAPSHOT[m
[[1;34mINFO[m] [1m--------------------------------[ jar ]---------------------------------[m
[[1;34mINFO[m] 
[[1;34mINFO[m] [1m--- [0;32mmaven-clean-plugin:3.4.0:clean[m [1m(default-clean)[m @ [36mjcaptcha-spring-boot-starter[0;1m ---[m
[[1;34mINFO[m] Deleting /Users/wandl/workspaces/workspace-ddd4j/workspace-ddd4j-boot-starters/jcaptcha-spring-boot-starter/target
[[1;34mINFO[m] 
[[1;34mINFO[m] [1m--- [0;32mmaven-enforcer-plugin:3.5.0:enforce[m [1m(default-cli)[m @ [36mjcaptcha-spring-boot-starter[0;1m ---[m
[[1;34mINFO[m] Rule 0: org.apache.maven.enforcer.rules.version.RequireMavenVersion passed
[[1;34mINFO[m] Rule 1: org.apache.maven.enforcer.rules.version.RequireJavaVersion passed
[[1;34mINFO[m] 
[[1;34mINFO[m] [1m--- [0;32mmaven-resources-plugin:3.3.1:resources[m [1m(default-resources)[m @ [36mjcaptcha-spring-boot-starter[0;1m ---[m
[[1;34mINFO[m] Copying 0 resource from src/main/resources to target/classes
[[1;34mINFO[m] Copying 3 resources from src/main/resources to target/classes
[[1;34mINFO[m] 
[[1;34mINFO[m] [1m--- [0;32mmaven-compiler-plugin:3.13.0:compile[m [1m(default-compile)[m @ [36mjcaptcha-spring-boot-starter[0;1m ---[m
[[1;34mINFO[m] Recompiling the module because of [1mchanged source code[m.
[[1;34mINFO[m] Compiling 8 source files with javac [debug parameters release 17] to target/classes
[[1;34mINFO[m] 由于在类路径中发现了一个或多个处理程序，因此启用了
  批注处理。未来发行版的 javac 可能会禁用批注处理，
  除非至少按名称指定了一个处理程序 (-processor)，
  或指定了搜索路径 (--processor-path, --processor-module-path)，
  或显式启用了批注处理 (-proc:only, -proc:full)。
  可使用 -Xlint:-options 隐藏此消息。
  可使用 -proc:none 禁用批注处理。
[[1;33mWARNING[m] /Users/wandl/workspaces/workspace-ddd4j/workspace-ddd4j-boot-starters/jcaptcha-spring-boot-starter/src/main/java/com/octo/captcha/spring/boot/filter/FilterConfigUtils.java:[27,33] java.lang.Integer 中的 Integer(java.lang.String) 已过时, 且标记为待删除
[[1;33mWARNING[m] /Users/wandl/workspaces/workspace-ddd4j/workspace-ddd4j-boot-starters/jcaptcha-spring-boot-starter/src/main/java/com/octo/captcha/spring/boot/filter/FilterConfigUtils.java:[47,33] java.lang.Boolean 中的 Boolean(java.lang.String) 已过时, 且标记为待删除
[[1;34mINFO[m] /Users/wandl/workspaces/workspace-ddd4j/workspace-ddd4j-boot-starters/jcaptcha-spring-boot-starter/src/main/java/com/octo/captcha/spring/boot/filter/image/ImageCaptchaFilter.java: /Users/wandl/workspaces/workspace-ddd4j/workspace-ddd4j-boot-starters/jcaptcha-spring-boot-starter/src/main/java/com/octo/captcha/spring/boot/filter/image/ImageCaptchaFilter.java使用或覆盖了已过时的 API。
[[1;34mINFO[m] /Users/wandl/workspaces/workspace-ddd4j/workspace-ddd4j-boot-starters/jcaptcha-spring-boot-starter/src/main/java/com/octo/captcha/spring/boot/filter/image/ImageCaptchaFilter.java: 有关详细信息, 请使用 -Xlint:deprecation 重新编译。
[[1;34mINFO[m] /Users/wandl/workspaces/workspace-ddd4j/workspace-ddd4j-boot-starters/jcaptcha-spring-boot-starter/src/main/java/com/octo/captcha/spring/boot/filter/image/ImageCaptchaFilter.java: /Users/wandl/workspaces/workspace-ddd4j/workspace-ddd4j-boot-starters/jcaptcha-spring-boot-starter/src/main/java/com/octo/captcha/spring/boot/filter/image/ImageCaptchaFilter.java使用了未经检查或不安全的操作。
[[1;34mINFO[m] /Users/wandl/workspaces/workspace-ddd4j/workspace-ddd4j-boot-starters/jcaptcha-spring-boot-starter/src/main/java/com/octo/captcha/spring/boot/filter/image/ImageCaptchaFilter.java: 有关详细信息, 请使用 -Xlint:unchecked 重新编译。
[[1;34mINFO[m] 
[[1;34mINFO[m] [1m--- [0;32mmaven-resources-plugin:3.3.1:testResources[m [1m(default-testResources)[m @ [36mjcaptcha-spring-boot-starter[0;1m ---[m
[[1;34mINFO[m] Not copying test resources
[[1;34mINFO[m] 
[[1;34mINFO[m] [1m--- [0;32mmaven-compiler-plugin:3.13.0:testCompile[m [1m(default-testCompile)[m @ [36mjcaptcha-spring-boot-starter[0;1m ---[m
[[1;34mINFO[m] Not compiling test sources
[[1;34mINFO[m] 
[[1;34mINFO[m] [1m--- [0;32mmaven-surefire-plugin:3.5.0:test[m [1m(default-test)[m @ [36mjcaptcha-spring-boot-starter[0;1m ---[m
[[1;34mINFO[m] Tests are skipped.
[[1;34mINFO[m] 
[[1;34mINFO[m] [1m--- [0;32mmaven-jar-plugin:3.4.2:jar[m [1m(default-jar)[m @ [36mjcaptcha-spring-boot-starter[0;1m ---[m
[[1;34mINFO[m] Building jar: /Users/wandl/workspaces/workspace-ddd4j/workspace-ddd4j-boot-starters/jcaptcha-spring-boot-starter/target/jcaptcha-spring-boot-starter-4.0.x.20251227-SNAPSHOT.jar
[[1;34mINFO[m] 
[[1;34mINFO[m] [1m--- [0;32mmaven-source-plugin:3.3.1:jar-no-fork[m [1m(attach-sources)[m @ [36mjcaptcha-spring-boot-starter[0;1m ---[m
[[1;34mINFO[m] Building jar: /Users/wandl/workspaces/workspace-ddd4j/workspace-ddd4j-boot-starters/jcaptcha-spring-boot-starter/target/jcaptcha-spring-boot-starter-4.0.x.20251227-SNAPSHOT-sources.jar
[[1;34mINFO[m] 
[[1;34mINFO[m] [1m--- [0;32mmaven-install-plugin:3.1.3:install[m [1m(default-install)[m @ [36mjcaptcha-spring-boot-starter[0;1m ---[m
[[1;34mINFO[m] Installing /Users/wandl/workspaces/workspace-ddd4j/workspace-ddd4j-boot-starters/jcaptcha-spring-boot-starter/pom.xml to /Users/wandl/.m2/repository/com/github/hiwepy/jcaptcha-spring-boot-starter/4.0.x.20251227-SNAPSHOT/jcaptcha-spring-boot-starter-4.0.x.20251227-SNAPSHOT.pom
[[1;34mINFO[m] Installing /Users/wandl/workspaces/workspace-ddd4j/workspace-ddd4j-boot-starters/jcaptcha-spring-boot-starter/target/jcaptcha-spring-boot-starter-4.0.x.20251227-SNAPSHOT.jar to /Users/wandl/.m2/repository/com/github/hiwepy/jcaptcha-spring-boot-starter/4.0.x.20251227-SNAPSHOT/jcaptcha-spring-boot-starter-4.0.x.20251227-SNAPSHOT.jar
[[1;34mINFO[m] Installing /Users/wandl/workspaces/workspace-ddd4j/workspace-ddd4j-boot-starters/jcaptcha-spring-boot-starter/target/jcaptcha-spring-boot-starter-4.0.x.20251227-SNAPSHOT-sources.jar to /Users/wandl/.m2/repository/com/github/hiwepy/jcaptcha-spring-boot-starter/4.0.x.20251227-SNAPSHOT/jcaptcha-spring-boot-starter-4.0.x.20251227-SNAPSHOT-sources.jar
[[1;34mINFO[m] 
[[1;34mINFO[m] [1m--- [0;32mmaven-deploy-plugin:3.1.3:deploy[m [1m(default-deploy)[m @ [36mjcaptcha-spring-boot-starter[0;1m ---[m
[[1;34mINFO[m] Using alternate deployment repository maven-snapshots::default::https://packages.aliyun.com/5fdc0afd99b59ba3c5ead757/maven/maven-snapshots
[[1;33mWARNING[m] Using legacy syntax for alternative repository. Use "maven-snapshots::https://packages.aliyun.com/5fdc0afd99b59ba3c5ead757/maven/maven-snapshots" instead.
Downloading from maven-snapshots: https://packages.aliyun.com/5fdc0afd99b59ba3c5ead757/maven/maven-snapshots/com/github/hiwepy/jcaptcha-spring-boot-starter/4.0.x.20251227-SNAPSHOT/maven-metadata.xml
Uploading to maven-snapshots: https://packages.aliyun.com/5fdc0afd99b59ba3c5ead757/maven/maven-snapshots/com/github/hiwepy/jcaptcha-spring-boot-starter/4.0.x.20251227-SNAPSHOT/jcaptcha-spring-boot-starter-4.0.x.20251227-20260316.060207-1.pom
Progress (1): 4.1/15 kB
Progress (1): 8.2/15 kB
Progress (1): 12/15 kB 
Progress (1): 15 kB   
                   
Uploaded to maven-snapshots: https://packages.aliyun.com/5fdc0afd99b59ba3c5ead757/maven/maven-snapshots/com/github/hiwepy/jcaptcha-spring-boot-starter/4.0.x.20251227-SNAPSHOT/jcaptcha-spring-boot-starter-4.0.x.20251227-20260316.060207-1.pom (15 kB at 16 kB/s)
Uploading to maven-snapshots: https://packages.aliyun.com/5fdc0afd99b59ba3c5ead757/maven/maven-snapshots/com/github/hiwepy/jcaptcha-spring-boot-starter/4.0.x.20251227-SNAPSHOT/jcaptcha-spring-boot-starter-4.0.x.20251227-20260316.060207-1.jar
Progress (1): 4.1/22 kB
Progress (1): 8.2/22 kB
Progress (1): 12/22 kB 
Progress (1): 16/22 kB
Progress (1): 20/22 kB
Progress (1): 22 kB   
                   
Uploaded to maven-snapshots: https://packages.aliyun.com/5fdc0afd99b59ba3c5ead757/maven/maven-snapshots/com/github/hiwepy/jcaptcha-spring-boot-starter/4.0.x.20251227-SNAPSHOT/jcaptcha-spring-boot-starter-4.0.x.20251227-20260316.060207-1.jar (22 kB at 13 kB/s)
Uploading to maven-snapshots: https://packages.aliyun.com/5fdc0afd99b59ba3c5ead757/maven/maven-snapshots/com/github/hiwepy/jcaptcha-spring-boot-starter/4.0.x.20251227-SNAPSHOT/jcaptcha-spring-boot-starter-4.0.x.20251227-20260316.060207-1-sources.jar
Progress (1): 4.1/16 kB
Progress (1): 8.2/16 kB
Progress (1): 12/16 kB 
Progress (1): 16 kB   
                   
Uploaded to maven-snapshots: https://packages.aliyun.com/5fdc0afd99b59ba3c5ead757/maven/maven-snapshots/com/github/hiwepy/jcaptcha-spring-boot-starter/4.0.x.20251227-SNAPSHOT/jcaptcha-spring-boot-starter-4.0.x.20251227-20260316.060207-1-sources.jar (16 kB at 18 kB/s)
Downloading from maven-snapshots: https://packages.aliyun.com/5fdc0afd99b59ba3c5ead757/maven/maven-snapshots/com/github/hiwepy/jcaptcha-spring-boot-starter/maven-metadata.xml
Progress (1): 559 B
                   
Downloaded from maven-snapshots: https://packages.aliyun.com/5fdc0afd99b59ba3c5ead757/maven/maven-snapshots/com/github/hiwepy/jcaptcha-spring-boot-starter/maven-metadata.xml (559 B at 2.4 kB/s)
Uploading to maven-snapshots: https://packages.aliyun.com/5fdc0afd99b59ba3c5ead757/maven/maven-snapshots/com/github/hiwepy/jcaptcha-spring-boot-starter/4.0.x.20251227-SNAPSHOT/maven-metadata.xml
Progress (1): 1.0 kB
                    
Uploaded to maven-snapshots: https://packages.aliyun.com/5fdc0afd99b59ba3c5ead757/maven/maven-snapshots/com/github/hiwepy/jcaptcha-spring-boot-starter/4.0.x.20251227-SNAPSHOT/maven-metadata.xml (1.0 kB at 953 B/s)
Uploading to maven-snapshots: https://packages.aliyun.com/5fdc0afd99b59ba3c5ead757/maven/maven-snapshots/com/github/hiwepy/jcaptcha-spring-boot-starter/maven-metadata.xml
Progress (1): 608 B
                   
Uploaded to maven-snapshots: https://packages.aliyun.com/5fdc0afd99b59ba3c5ead757/maven/maven-snapshots/com/github/hiwepy/jcaptcha-spring-boot-starter/maven-metadata.xml (608 B at 700 B/s)
[[1;34mINFO[m] [1m------------------------------------------------------------------------[m
[[1;34mINFO[m] [1;32mBUILD SUCCESS[m
[[1;34mINFO[m] [1m------------------------------------------------------------------------[m
[[1;34mINFO[m] Total time:  7.015 s
[[1;34mINFO[m] Finished at: 2026-03-16T14:02:13+08:00
[[1;34mINFO[m] [1m------------------------------------------------------------------------[m
[jcaptcha-spring-boot-starter/4.0.x] 成功
[[1;34mINFO[m] Scanning for projects...
[[1;34mINFO[m] 
[[1;34mINFO[m] [1m-----------< [0;36mio.github.hiwepy:jcaptcha-spring-boot-starter[0;1m >-----------[m
[[1;34mINFO[m] [1mBuilding io.github.hiwepy:jcaptcha-spring-boot-starter 2.0.1-SNAPSHOT[m
[[1;34mINFO[m] [1m--------------------------------[ jar ]---------------------------------[m
[[1;33mWARNING[m] The POM for com.octo.captcha:jcaptcha-integration-simple-servlet:jar:2.0-alpha-1 is missing, no dependency information available
[[1;34mINFO[m] [1m------------------------------------------------------------------------[m
[[1;34mINFO[m] [1;31mBUILD FAILURE[m
[[1;34mINFO[m] [1m------------------------------------------------------------------------[m
[[1;34mINFO[m] Total time:  0.213 s
[[1;34mINFO[m] Finished at: 2026-03-16T14:02:13+08:00
[[1;34mINFO[m] [1m------------------------------------------------------------------------[m
[[1;31mERROR[m] Failed to execute goal on project [36mjcaptcha-spring-boot-starter[m: [1;31mCould not resolve dependencies for project io.github.hiwepy:jcaptcha-spring-boot-starter:jar:2.0.1-SNAPSHOT: Failure to find com.octo.captcha:jcaptcha-integration-simple-servlet:jar:2.0-alpha-1 in https://aiban-maven.pkg.coding.net/repository/tianyin/core/ was cached in the local repository, resolution will not be reattempted until the update interval of aiban-tianyin-core has elapsed or updates are forced[m -> [1m[Help 1][m
[[1;31mERROR[m] 
[[1;31mERROR[m] To see the full stack trace of the errors, re-run Maven with the [1m-e[m switch.
[[1;31mERROR[m] Re-run Maven using the [1m-X[m switch to enable full debug logging.
[[1;31mERROR[m] 
[[1;31mERROR[m] For more information about the errors and possible solutions, please read the following articles:
[[1;31mERROR[m] [1m[Help 1][m http://cwiki.apache.org/confluence/display/MAVEN/DependencyResolutionException
[jcaptcha-spring-boot-starter/master] 失败 - 查看日志
